#
# A fatal error has been detected by the Java Runtime Environment:
#
#  EXCEPTION_ACCESS_VIOLATION (0xc0000005) at pc=0x00007ffb5435e539, pid=14664, tid=19508
#
# JRE version: OpenJDK Runtime Environment Microsoft-8035246 (17.0.8+7) (build 17.0.8+7-LTS)
# Java VM: OpenJDK 64-Bit Server VM Microsoft-8035246 (17.0.8+7-LTS, mixed mode, sharing, tiered, compressed oops, compressed class ptrs, g1 gc, windows-amd64)
# Problematic frame:
# V  [jvm.dll+0x1be539]
#
# No core dump will be written. Minidumps are not enabled by default on client versions of Windows
#
# If you would like to submit a bug report, please visit:
#   https://github.com/microsoft/openjdk/issues
#

---------------  S U M M A R Y ------------

Command Line: -Xmx64m -Xms64m -Dorg.gradle.appname=gradlew org.gradle.wrapper.GradleWrapperMain tasks

Host: 11th Gen Intel(R) Core(TM) i7-1165G7 @ 2.80GHz, 8 cores, 15G,  Windows 11 , 64 bit Build 22621 (10.0.22621.3085)
Time: Mon Mar  4 13:34:00 2024 Hora oficial do Brasil elapsed time: 0.795941 seconds (0d 0h 0m 0s)

---------------  T H R E A D  ---------------

Current thread (0x0000013b7f5b1a30):  JavaThread "C2 CompilerThread0" daemon [_thread_in_native, id=19508, stack(0x0000001028300000,0x0000001028400000)]


Current CompileTask:
C2:    796  997   !   4       jdk.internal.loader.URLClassPath$JarLoader::getResource (354 bytes)

Stack: [0x0000001028300000,0x0000001028400000],  sp=0x00000010283fb770,  free space=1005k
Native frames: (J=compiled Java code, j=interpreted, Vv=VM code, C=native code)
V  [jvm.dll+0x1be539]
V  [jvm.dll+0x1bdcdf]
V  [jvm.dll+0x1bd77b]
V  [jvm.dll+0x21a289]
V  [jvm.dll+0x219551]
V  [jvm.dll+0x1a56b6]
V  [jvm.dll+0x2291ea]
V  [jvm.dll+0x22724c]
V  [jvm.dll+0x7efd0c]
V  [jvm.dll+0x7ea13a]
V  [jvm.dll+0x67ad85]
C  [ucrtbase.dll+0x29363]
C  [KERNEL32.DLL+0x1257d]
C  [ntdll.dll+0x5aa58]


siginfo: EXCEPTION_ACCESS_VIOLATION (0xc0000005), reading address 0x0000013cd23ea4f0


Register to memory mapping:

RIP=0x00007ffb5435e539 jvm.dll
RAX=0x0 is NULL
RBX=0x0000013b56b0e528 points into unknown readable memory: 0xffffffffffffffff | ff ff ff ff ff ff ff ff
RCX=0x00000010283fbdc0 is pointing into the stack for thread: 0x0000013b7f5b1a30
RDX=0x0000000054a53fc0 is an unknown value
RSP=0x00000010283fb770 is pointing into the stack for thread: 0x0000013b7f5b1a30
RBP=0x00000010283fb809 is pointing into the stack for thread: 0x0000013b7f5b1a30
RSI=0x00000010283fbdc0 is pointing into the stack for thread: 0x0000013b7f5b1a30
RDI=0x0000013b56b0e4f0 points into unknown readable memory: 0x0000000000000000 | 00 00 00 00 00 00 00 00
R8 =0x0000013b7fa9a5f0 points into unknown readable memory: 0x0000000100000000 | 00 00 00 00 01 00 00 00
R9 =0x0000013b5686ab9c points into unknown readable memory: 00 00 00 80
R10=0x0000000000000002 is an unknown value
R11=0x000000000000000b is an unknown value
R12=102080 is a compressed pointer to class: 0x0000013b11018ec0
R13=0x00000010283fbdc0 is pointing into the stack for thread: 0x0000013b7f5b1a30
R14=0x0 is NULL
R15=0x0000013b56b0e4f0 points into unknown readable memory: 0x0000000000000000 | 00 00 00 00 00 00 00 00


Registers:
RAX=0x0000000000000000, RBX=0x0000013b56b0e528, RCX=0x00000010283fbdc0, RDX=0x0000000054a53fc0
RSP=0x00000010283fb770, RBP=0x00000010283fb809, RSI=0x00000010283fbdc0, RDI=0x0000013b56b0e4f0
R8 =0x0000013b7fa9a5f0, R9 =0x0000013b5686ab9c, R10=0x0000000000000002, R11=0x000000000000000b
R12=0x0000000000018ec0, R13=0x00000010283fbdc0, R14=0x0000000000000000, R15=0x0000013b56b0e4f0
RIP=0x00007ffb5435e539, EFLAGS=0x0000000000010202

Top of Stack: (sp=0x00000010283fb770)
0x00000010283fb770:   0000013b56b2e978 0000013b56b09270
0x00000010283fb780:   0000000000000000 000000020000045b
0x00000010283fb790:   0000000000000000 0000000000000000
0x00000010283fb7a0:   0000000000000000 0000000000000000
0x00000010283fb7b0:   0000000000000000 0000000000000000
0x00000010283fb7c0:   0000000000000000 0000000000000000
0x00000010283fb7d0:   0000000000000000 0000000000000000
0x00000010283fb7e0:   0000000000000000 0000000000000000
0x00000010283fb7f0:   0000000000000000 0003000300000000
0x00000010283fb800:   0003000300030003 0003000300030003
0x00000010283fb810:   0003000300030003 0003000300030003
0x00000010283fb820:   0003000300030003 0003000300030003
0x00000010283fb830:   0000000000030003 fffffffc03000000
0x00000010283fb840:   ffffffffffffffff 0000000a00000000
0x00000010283fb850:   0000000000000000 000000000000027e
0x00000010283fb860:   0000000000000000 00007ffb5435dcdf 

Instructions: (pc=0x00007ffb5435e539)
0x00007ffb5435e439:   1f 84 00 00 00 00 00 49 8b 82 f0 00 00 00 49 63
0x00007ffb5435e449:   c9 44 8b 0c 88 44 89 04 88 45 3b c8 75 e9 48 63
0x00007ffb5435e459:   4a 28 45 8b c1 49 8b 82 08 01 00 00 44 89 0c 88
0x00007ffb5435e469:   49 8b 8a 08 01 00 00 4d 8b 9a f0 00 00 00 48 63
0x00007ffb5435e479:   43 28 4c 63 0c 81 4b 63 04 8b 41 3b c1 75 0a 45
0x00007ffb5435e489:   89 04 83 48 8b 5c 24 08 c3 8b d0 48 63 c8 41 8b
0x00007ffb5435e499:   04 8b 3b c2 75 f3 44 3b c8 74 22 0f 1f 40 00 0f
0x00007ffb5435e4a9:   1f 84 00 00 00 00 00 49 8b 8a f0 00 00 00 49 63
0x00007ffb5435e4b9:   d1 44 8b 0c 91 89 04 91 44 3b c8 75 ea 48 63 4b
0x00007ffb5435e4c9:   28 49 8b 82 08 01 00 00 48 8b 5c 24 08 44 89 0c
0x00007ffb5435e4d9:   88 49 8b 82 f0 00 00 00 49 63 c9 44 89 04 88 c3
0x00007ffb5435e4e9:   cc cc cc cc cc cc cc 48 8b 81 08 01 00 00 48 81
0x00007ffb5435e4f9:   c1 e0 00 00 00 4d 63 40 28 8b 52 28 46 8b 04 80
0x00007ffb5435e509:   e9 b2 0b 00 00 cc cc 48 89 74 24 18 55 57 41 56
0x00007ffb5435e519:   48 8d 6c 24 b9 48 81 ec e0 00 00 00 45 8b f0 48
0x00007ffb5435e529:   8b fa 48 63 52 20 48 8b f1 4c 8b 81 f0 00 00 00
0x00007ffb5435e539:   45 8b 0c 90 44 3b ca 74 47 0f 1f 40 00 66 66 0f
0x00007ffb5435e549:   1f 84 00 00 00 00 00 41 8b c9 49 63 c1 45 8b 0c
0x00007ffb5435e559:   80 44 3b c9 75 f1 41 3b d1 74 22 0f 1f 40 00 0f
0x00007ffb5435e569:   1f 84 00 00 00 00 00 48 8b 86 f0 00 00 00 48 63
0x00007ffb5435e579:   ca 8b 14 88 44 89 0c 88 41 3b d1 75 ea 44 8b ca
0x00007ffb5435e589:   48 89 9c 24 00 01 00 00 4c 89 bc 24 08 01 00 00
0x00007ffb5435e599:   45 85 c9 0f 84 11 01 00 00 41 8b c1 4c 8d 0c 80
0x00007ffb5435e5a9:   48 8b 46 70 49 c1 e1 05 4c 03 48 10 41 83 39 00
0x00007ffb5435e5b9:   0f 84 f4 00 00 00 45 33 c0 41 bb 04 00 00 00 4c
0x00007ffb5435e5c9:   89 45 87 41 8b d8 89 5d 97 45 8b d0 44 89 45 8f
0x00007ffb5435e5d9:   44 89 5d 93 45 8b 79 04 44 89 7d 9b 4c 89 45 9f
0x00007ffb5435e5e9:   49 8b 41 08 48 89 45 a7 4c 89 4d af 4d 85 c0 74
0x00007ffb5435e5f9:   1c 49 0f bc c0 8b c8 49 d3 e8 49 ff c8 44 03 d0
0x00007ffb5435e609:   4c 89 45 87 44 89 55 8f 41 8b c2 eb 2b 41 83 fb
0x00007ffb5435e619:   04 72 09 41 3b df 0f 83 8e 00 00 00 48 8d 4d 87
0x00007ffb5435e629:   e8 d2 e9 1a 00 44 8b 5d 93 44 8b 55 8f 4c 8b 45 


Stack slot to memory mapping:
stack at sp + 0 slots: 0x0000013b56b2e978 points into unknown readable memory: 0x0000000000000c00 | 00 0c 00 00 00 00 00 00
stack at sp + 1 slots: 0x0000013b56b09270 points into unknown readable memory: 0x3fbede9cbc7acbf4 | f4 cb 7a bc 9c de be 3f
stack at sp + 2 slots: 0x0 is NULL
stack at sp + 3 slots: 0x000000020000045b is an unknown value
stack at sp + 4 slots: 0x0 is NULL
stack at sp + 5 slots: 0x0 is NULL
stack at sp + 6 slots: 0x0 is NULL
stack at sp + 7 slots: 0x0 is NULL


---------------  P R O C E S S  ---------------

Threads class SMR info:
_java_thread_list=0x0000013b5671bf00, length=15, elements={
0x0000013b76bceaa0, 0x0000013b76c77a50, 0x0000013b7f5916c0, 0x0000013b7f59ddc0,
0x0000013b7f59e980, 0x0000013b7f5a3360, 0x0000013b7f5a3d20, 0x0000013b7f5b1a30,
0x0000013b7f5da450, 0x0000013b7f5db630, 0x0000013b7f82c430, 0x0000013b7f82d870,
0x0000013b7f90e310, 0x0000013b7f95d060, 0x0000013b7f82f6d0
}

Java Threads: ( => current thread )
  0x0000013b76bceaa0 JavaThread "main" [_thread_in_vm, id=16884, stack(0x0000001027600000,0x0000001027700000)]
  0x0000013b76c77a50 JavaThread "Reference Handler" daemon [_thread_blocked, id=18788, stack(0x0000001027d00000,0x0000001027e00000)]
  0x0000013b7f5916c0 JavaThread "Finalizer" daemon [_thread_blocked, id=6408, stack(0x0000001027e00000,0x0000001027f00000)]
  0x0000013b7f59ddc0 JavaThread "Signal Dispatcher" daemon [_thread_blocked, id=20472, stack(0x0000001027f00000,0x0000001028000000)]
  0x0000013b7f59e980 JavaThread "Attach Listener" daemon [_thread_blocked, id=18808, stack(0x0000001028000000,0x0000001028100000)]
  0x0000013b7f5a3360 JavaThread "Service Thread" daemon [_thread_blocked, id=5860, stack(0x0000001028100000,0x0000001028200000)]
  0x0000013b7f5a3d20 JavaThread "Monitor Deflation Thread" daemon [_thread_blocked, id=11996, stack(0x0000001028200000,0x0000001028300000)]
=>0x0000013b7f5b1a30 JavaThread "C2 CompilerThread0" daemon [_thread_in_native, id=19508, stack(0x0000001028300000,0x0000001028400000)]
  0x0000013b7f5da450 JavaThread "C1 CompilerThread0" daemon [_thread_blocked, id=8616, stack(0x0000001028400000,0x0000001028500000)]
  0x0000013b7f5db630 JavaThread "Sweeper thread" daemon [_thread_blocked, id=18580, stack(0x0000001028500000,0x0000001028600000)]
  0x0000013b7f82c430 JavaThread "Notification Thread" daemon [_thread_blocked, id=14392, stack(0x0000001028600000,0x0000001028700000)]
  0x0000013b7f82d870 JavaThread "Common-Cleaner" daemon [_thread_blocked, id=8108, stack(0x0000001028800000,0x0000001028900000)]
  0x0000013b7f90e310 JavaThread "C2 CompilerThread1" daemon [_thread_blocked, id=16968, stack(0x0000001028900000,0x0000001028a00000)]
  0x0000013b7f95d060 JavaThread "C2 CompilerThread2" daemon [_thread_blocked, id=20076, stack(0x0000001028a00000,0x0000001028b00000)]
  0x0000013b7f82f6d0 JavaThread "pool-1-thread-1" [_thread_blocked, id=18476, stack(0x0000001029000000,0x0000001029100000)]

Other Threads:
  0x0000013b76c76fd0 VMThread "VM Thread" [stack: 0x0000001027c00000,0x0000001027d00000] [id=19596]
  0x0000013b76bf94d0 WatcherThread [stack: 0x0000001028700000,0x0000001028800000] [id=8944]
  0x0000013b76bef640 GCTaskThread "GC Thread#0" [stack: 0x0000001027700000,0x0000001027800000] [id=11368]
  0x0000013b5641eec0 GCTaskThread "GC Thread#1" [stack: 0x0000001028b00000,0x0000001028c00000] [id=14988]
  0x0000013b5641e3c0 GCTaskThread "GC Thread#2" [stack: 0x0000001028c00000,0x0000001028d00000] [id=20220]
  0x0000013b5641e940 GCTaskThread "GC Thread#3" [stack: 0x0000001028d00000,0x0000001028e00000] [id=9036]
  0x0000013b5641d600 GCTaskThread "GC Thread#4" [stack: 0x0000001028e00000,0x0000001028f00000] [id=20248]
  0x0000013b5641e100 GCTaskThread "GC Thread#5" [stack: 0x0000001028f00000,0x0000001029000000] [id=22420]
  0x0000013b76bf0d90 ConcurrentGCThread "G1 Main Marker" [stack: 0x0000001027800000,0x0000001027900000] [id=9972]
  0x0000013b76bf1f40 ConcurrentGCThread "G1 Conc#0" [stack: 0x0000001027900000,0x0000001027a00000] [id=22468]
  0x0000013b76c52d90 ConcurrentGCThread "G1 Refine#0" [stack: 0x0000001027a00000,0x0000001027b00000] [id=13228]
  0x0000013b76c537c0 ConcurrentGCThread "G1 Service" [stack: 0x0000001027b00000,0x0000001027c00000] [id=2820]

Threads with active compile tasks:
C2 CompilerThread0      840  997   !   4       jdk.internal.loader.URLClassPath$JarLoader::getResource (354 bytes)

VM state: not at safepoint (normal execution)

VM Mutex/Monitor currently owned by a thread: None

Heap address: 0x00000000fc000000, size: 64 MB, Compressed Oops mode: 32-bit

CDS archive(s) mapped at: [0x0000013b11000000-0x0000013b11bd0000-0x0000013b11bd0000), size 12386304, SharedBaseAddress: 0x0000013b11000000, ArchiveRelocationMode: 1.
Compressed class space mapped at: 0x0000013b12000000-0x0000013b52000000, reserved size: 1073741824
Narrow klass base: 0x0000013b11000000, Narrow klass shift: 0, Narrow klass range: 0x100000000

GC Precious Log:
 CPUs: 8 total, 8 available
 Memory: 16126M
 Large Page Support: Disabled
 NUMA Support: Disabled
 Compressed Oops: Enabled (32-bit)
 Heap Region Size: 1M
 Heap Min Capacity: 64M
 Heap Initial Capacity: 64M
 Heap Max Capacity: 64M
 Pre-touch: Disabled
 Parallel Workers: 8
 Concurrent Workers: 2
 Concurrent Refinement Workers: 8
 Periodic GC: Disabled

Heap:
 garbage-first heap   total 65536K, used 18560K [0x00000000fc000000, 0x0000000100000000)
  region size 1024K, 12 young (12288K), 3 survivors (3072K)
 Metaspace       used 6342K, committed 6528K, reserved 1114112K
  class space    used 887K, committed 1024K, reserved 1048576K

Heap Regions: E=young(eden), S=young(survivor), O=old, HS=humongous(starts), HC=humongous(continues), CS=collection set, F=free, OA=open archive, CA=closed archive, TAMS=top-at-mark-start (previous, next)
|   0|0x00000000fc000000, 0x00000000fc100000, 0x00000000fc100000|100%|HS|  |TAMS 0x00000000fc000000, 0x00000000fc000000| Complete 
|   1|0x00000000fc100000, 0x00000000fc200000, 0x00000000fc200000|100%|HC|  |TAMS 0x00000000fc100000, 0x00000000fc100000| Complete 
|   2|0x00000000fc200000, 0x00000000fc300000, 0x00000000fc300000|100%|HC|  |TAMS 0x00000000fc200000, 0x00000000fc200000| Complete 
|   3|0x00000000fc300000, 0x00000000fc400000, 0x00000000fc400000|100%|HC|  |TAMS 0x00000000fc300000, 0x00000000fc300000| Complete 
|   4|0x00000000fc400000, 0x00000000fc500000, 0x00000000fc500000|100%| O|  |TAMS 0x00000000fc400000, 0x00000000fc400000| Untracked 
|   5|0x00000000fc500000, 0x00000000fc600000, 0x00000000fc600000|100%| O|  |TAMS 0x00000000fc500000, 0x00000000fc500000| Untracked 
|   6|0x00000000fc600000, 0x00000000fc700000, 0x00000000fc700000|100%| O|  |TAMS 0x00000000fc600000, 0x00000000fc600000| Untracked 
|   7|0x00000000fc700000, 0x00000000fc720000, 0x00000000fc800000| 12%| O|  |TAMS 0x00000000fc700000, 0x00000000fc700000| Untracked 
|   8|0x00000000fc800000, 0x00000000fc800000, 0x00000000fc900000|  0%| F|  |TAMS 0x00000000fc800000, 0x00000000fc800000| Untracked 
|   9|0x00000000fc900000, 0x00000000fc900000, 0x00000000fca00000|  0%| F|  |TAMS 0x00000000fc900000, 0x00000000fc900000| Untracked 
|  10|0x00000000fca00000, 0x00000000fca00000, 0x00000000fcb00000|  0%| F|  |TAMS 0x00000000fca00000, 0x00000000fca00000| Untracked 
|  11|0x00000000fcb00000, 0x00000000fcb00000, 0x00000000fcc00000|  0%| F|  |TAMS 0x00000000fcb00000, 0x00000000fcb00000| Untracked 
|  12|0x00000000fcc00000, 0x00000000fcc00000, 0x00000000fcd00000|  0%| F|  |TAMS 0x00000000fcc00000, 0x00000000fcc00000| Untracked 
|  13|0x00000000fcd00000, 0x00000000fcd00000, 0x00000000fce00000|  0%| F|  |TAMS 0x00000000fcd00000, 0x00000000fcd00000| Untracked 
|  14|0x00000000fce00000, 0x00000000fce00000, 0x00000000fcf00000|  0%| F|  |TAMS 0x00000000fce00000, 0x00000000fce00000| Untracked 
|  15|0x00000000fcf00000, 0x00000000fcf00000, 0x00000000fd000000|  0%| F|  |TAMS 0x00000000fcf00000, 0x00000000fcf00000| Untracked 
|  16|0x00000000fd000000, 0x00000000fd000000, 0x00000000fd100000|  0%| F|  |TAMS 0x00000000fd000000, 0x00000000fd000000| Untracked 
|  17|0x00000000fd100000, 0x00000000fd100000, 0x00000000fd200000|  0%| F|  |TAMS 0x00000000fd100000, 0x00000000fd100000| Untracked 
|  18|0x00000000fd200000, 0x00000000fd200000, 0x00000000fd300000|  0%| F|  |TAMS 0x00000000fd200000, 0x00000000fd200000| Untracked 
|  19|0x00000000fd300000, 0x00000000fd300000, 0x00000000fd400000|  0%| F|  |TAMS 0x00000000fd300000, 0x00000000fd300000| Untracked 
|  20|0x00000000fd400000, 0x00000000fd400000, 0x00000000fd500000|  0%| F|  |TAMS 0x00000000fd400000, 0x00000000fd400000| Untracked 
|  21|0x00000000fd500000, 0x00000000fd500000, 0x00000000fd600000|  0%| F|  |TAMS 0x00000000fd500000, 0x00000000fd500000| Untracked 
|  22|0x00000000fd600000, 0x00000000fd600000, 0x00000000fd700000|  0%| F|  |TAMS 0x00000000fd600000, 0x00000000fd600000| Untracked 
|  23|0x00000000fd700000, 0x00000000fd700000, 0x00000000fd800000|  0%| F|  |TAMS 0x00000000fd700000, 0x00000000fd700000| Untracked 
|  24|0x00000000fd800000, 0x00000000fd800000, 0x00000000fd900000|  0%| F|  |TAMS 0x00000000fd800000, 0x00000000fd800000| Untracked 
|  25|0x00000000fd900000, 0x00000000fd900000, 0x00000000fda00000|  0%| F|  |TAMS 0x00000000fd900000, 0x00000000fd900000| Untracked 
|  26|0x00000000fda00000, 0x00000000fda00000, 0x00000000fdb00000|  0%| F|  |TAMS 0x00000000fda00000, 0x00000000fda00000| Untracked 
|  27|0x00000000fdb00000, 0x00000000fdb00000, 0x00000000fdc00000|  0%| F|  |TAMS 0x00000000fdb00000, 0x00000000fdb00000| Untracked 
|  28|0x00000000fdc00000, 0x00000000fdc00000, 0x00000000fdd00000|  0%| F|  |TAMS 0x00000000fdc00000, 0x00000000fdc00000| Untracked 
|  29|0x00000000fdd00000, 0x00000000fdd00000, 0x00000000fde00000|  0%| F|  |TAMS 0x00000000fdd00000, 0x00000000fdd00000| Untracked 
|  30|0x00000000fde00000, 0x00000000fde00000, 0x00000000fdf00000|  0%| F|  |TAMS 0x00000000fde00000, 0x00000000fde00000| Untracked 
|  31|0x00000000fdf00000, 0x00000000fdf00000, 0x00000000fe000000|  0%| F|  |TAMS 0x00000000fdf00000, 0x00000000fdf00000| Untracked 
|  32|0x00000000fe000000, 0x00000000fe000000, 0x00000000fe100000|  0%| F|  |TAMS 0x00000000fe000000, 0x00000000fe000000| Untracked 
|  33|0x00000000fe100000, 0x00000000fe100000, 0x00000000fe200000|  0%| F|  |TAMS 0x00000000fe100000, 0x00000000fe100000| Untracked 
|  34|0x00000000fe200000, 0x00000000fe200000, 0x00000000fe300000|  0%| F|  |TAMS 0x00000000fe200000, 0x00000000fe200000| Untracked 
|  35|0x00000000fe300000, 0x00000000fe300000, 0x00000000fe400000|  0%| F|  |TAMS 0x00000000fe300000, 0x00000000fe300000| Untracked 
|  36|0x00000000fe400000, 0x00000000fe400000, 0x00000000fe500000|  0%| F|  |TAMS 0x00000000fe400000, 0x00000000fe400000| Untracked 
|  37|0x00000000fe500000, 0x00000000fe500000, 0x00000000fe600000|  0%| F|  |TAMS 0x00000000fe500000, 0x00000000fe500000| Untracked 
|  38|0x00000000fe600000, 0x00000000fe700000, 0x00000000fe700000|100%| S|CS|TAMS 0x00000000fe600000, 0x00000000fe600000| Complete 
|  39|0x00000000fe700000, 0x00000000fe800000, 0x00000000fe800000|100%| S|CS|TAMS 0x00000000fe700000, 0x00000000fe700000| Complete 
|  40|0x00000000fe800000, 0x00000000fe900000, 0x00000000fe900000|100%| S|CS|TAMS 0x00000000fe800000, 0x00000000fe800000| Complete 
|  41|0x00000000fe900000, 0x00000000fe900000, 0x00000000fea00000|  0%| F|  |TAMS 0x00000000fe900000, 0x00000000fe900000| Untracked 
|  42|0x00000000fea00000, 0x00000000fea00000, 0x00000000feb00000|  0%| F|  |TAMS 0x00000000fea00000, 0x00000000fea00000| Untracked 
|  43|0x00000000feb00000, 0x00000000feb00000, 0x00000000fec00000|  0%| F|  |TAMS 0x00000000feb00000, 0x00000000feb00000| Untracked 
|  44|0x00000000fec00000, 0x00000000fec00000, 0x00000000fed00000|  0%| F|  |TAMS 0x00000000fec00000, 0x00000000fec00000| Untracked 
|  45|0x00000000fed00000, 0x00000000fed00000, 0x00000000fee00000|  0%| F|  |TAMS 0x00000000fed00000, 0x00000000fed00000| Untracked 
|  46|0x00000000fee00000, 0x00000000fee00000, 0x00000000fef00000|  0%| F|  |TAMS 0x00000000fee00000, 0x00000000fee00000| Untracked 
|  47|0x00000000fef00000, 0x00000000fef00000, 0x00000000ff000000|  0%| F|  |TAMS 0x00000000fef00000, 0x00000000fef00000| Untracked 
|  48|0x00000000ff000000, 0x00000000ff000000, 0x00000000ff100000|  0%| F|  |TAMS 0x00000000ff000000, 0x00000000ff000000| Untracked 
|  49|0x00000000ff100000, 0x00000000ff100000, 0x00000000ff200000|  0%| F|  |TAMS 0x00000000ff100000, 0x00000000ff100000| Untracked 
|  50|0x00000000ff200000, 0x00000000ff200000, 0x00000000ff300000|  0%| F|  |TAMS 0x00000000ff200000, 0x00000000ff200000| Untracked 
|  51|0x00000000ff300000, 0x00000000ff300000, 0x00000000ff400000|  0%| F|  |TAMS 0x00000000ff300000, 0x00000000ff300000| Untracked 
|  52|0x00000000ff400000, 0x00000000ff400000, 0x00000000ff500000|  0%| F|  |TAMS 0x00000000ff400000, 0x00000000ff400000| Untracked 
|  53|0x00000000ff500000, 0x00000000ff500000, 0x00000000ff600000|  0%| F|  |TAMS 0x00000000ff500000, 0x00000000ff500000| Untracked 
|  54|0x00000000ff600000, 0x00000000ff600000, 0x00000000ff700000|  0%| F|  |TAMS 0x00000000ff600000, 0x00000000ff600000| Untracked 
|  55|0x00000000ff700000, 0x00000000ff800000, 0x00000000ff800000|100%| E|  |TAMS 0x00000000ff700000, 0x00000000ff700000| Complete 
|  56|0x00000000ff800000, 0x00000000ff900000, 0x00000000ff900000|100%| E|CS|TAMS 0x00000000ff800000, 0x00000000ff800000| Complete 
|  57|0x00000000ff900000, 0x00000000ffa00000, 0x00000000ffa00000|100%| E|CS|TAMS 0x00000000ff900000, 0x00000000ff900000| Complete 
|  58|0x00000000ffa00000, 0x00000000ffb00000, 0x00000000ffb00000|100%| E|CS|TAMS 0x00000000ffa00000, 0x00000000ffa00000| Complete 
|  59|0x00000000ffb00000, 0x00000000ffc00000, 0x00000000ffc00000|100%| E|CS|TAMS 0x00000000ffb00000, 0x00000000ffb00000| Complete 
|  60|0x00000000ffc00000, 0x00000000ffd00000, 0x00000000ffd00000|100%| E|CS|TAMS 0x00000000ffc00000, 0x00000000ffc00000| Complete 
|  61|0x00000000ffd00000, 0x00000000ffe00000, 0x00000000ffe00000|100%| E|CS|TAMS 0x00000000ffd00000, 0x00000000ffd00000| Complete 
|  62|0x00000000ffe00000, 0x00000000fff00000, 0x00000000fff00000|100%| E|CS|TAMS 0x00000000ffe00000, 0x00000000ffe00000| Complete 
|  63|0x00000000fff00000, 0x0000000100000000, 0x0000000100000000|100%| E|CS|TAMS 0x00000000fff00000, 0x00000000fff00000| Complete 

Card table byte_map: [0x0000013b74b20000,0x0000013b74b40000] _byte_map_base: 0x0000013b74340000

Marking Bits (Prev, Next): (CMBitMap*) 0x0000013b76befc60, (CMBitMap*) 0x0000013b76befca0
 Prev Bits: [0x0000013b7e9f0000, 0x0000013b7eaf0000)
 Next Bits: [0x0000013b7eaf0000, 0x0000013b7ebf0000)

Polling page: 0x0000013b749d0000

Metaspace:

Usage:
  Non-class:      5.36 MB used.
      Class:    891.96 KB used.
       Both:      6.24 MB used.

Virtual space:
  Non-class space:       64.00 MB reserved,       5.44 MB (  8%) committed,  1 nodes.
      Class space:        1.00 GB reserved,       1.00 MB ( <1%) committed,  1 nodes.
             Both:        1.06 GB reserved,       6.44 MB ( <1%) committed. 

Chunk freelists:
   Non-Class:  9.06 MB
       Class:  15.05 MB
        Both:  24.11 MB

MaxMetaspaceSize: unlimited
CompressedClassSpaceSize: 1.00 GB
Initial GC threshold: 21.00 MB
Current GC threshold: 21.00 MB
CDS: on
MetaspaceReclaimPolicy: balanced
 - commit_granule_bytes: 65536.
 - commit_granule_words: 8192.
 - virtual_space_node_default_size: 8388608.
 - enlarge_chunks_in_place: 1.
 - new_chunks_are_fully_committed: 0.
 - uncommit_free_chunks: 1.
 - use_allocation_guard: 0.
 - handle_deallocations: 1.


Internal statistics:

num_allocs_failed_limit: 0.
num_arena_births: 62.
num_arena_deaths: 0.
num_vsnodes_births: 2.
num_vsnodes_deaths: 0.
num_space_committed: 103.
num_space_uncommitted: 0.
num_chunks_returned_to_freelist: 0.
num_chunks_taken_from_freelist: 232.
num_chunk_merges: 0.
num_chunk_splits: 157.
num_chunks_enlarged: 136.
num_inconsistent_stats: 0.

CodeHeap 'non-profiled nmethods': size=120000Kb used=425Kb max_used=425Kb free=119575Kb
 bounds [0x0000013b07ad0000, 0x0000013b07d40000, 0x0000013b0f000000]
CodeHeap 'profiled nmethods': size=120000Kb used=1963Kb max_used=1963Kb free=118036Kb
 bounds [0x0000013b00000000, 0x0000013b00270000, 0x0000013b07530000]
CodeHeap 'non-nmethods': size=5760Kb used=1157Kb max_used=1174Kb free=4602Kb
 bounds [0x0000013b07530000, 0x0000013b077a0000, 0x0000013b07ad0000]
 total_blobs=1483 nmethods=1048 adapters=348
 compilation: enabled
              stopped_count=0, restarted_count=0
 full_count=0

Compilation events (20 events):
Event: 0.775 Thread 0x0000013b7f95d060 1016       4       java.lang.String::getBytes (44 bytes)
Event: 0.777 Thread 0x0000013b7f95d060 nmethod 1016 0x0000013b07b36510 code [0x0000013b07b36680, 0x0000013b07b367d8]
Event: 0.777 Thread 0x0000013b7f95d060 1017       4       java.lang.ClassLoader::checkName (37 bytes)
Event: 0.778 Thread 0x0000013b7f95d060 nmethod 1017 0x0000013b07b36910 code [0x0000013b07b36aa0, 0x0000013b07b36c58]
Event: 0.779 Thread 0x0000013b7f95d060 1018       4       java.lang.StringConcatHelper::prepend (37 bytes)
Event: 0.780 Thread 0x0000013b7f95d060 nmethod 1018 0x0000013b07b36d90 code [0x0000013b07b36f20, 0x0000013b07b370b8]
Event: 0.782 Thread 0x0000013b7f95d060 1019       4       jdk.internal.util.jar.JarIndex::get (49 bytes)
Event: 0.782 Thread 0x0000013b7f5da450 1020       3       sun.net.www.ParseUtil::match (50 bytes)
Event: 0.782 Thread 0x0000013b7f5da450 nmethod 1020 0x0000013b001dbf10 code [0x0000013b001dc0c0, 0x0000013b001dc358]
Event: 0.785 Thread 0x0000013b7f5da450 1021       3       java.lang.invoke.MemberName::flagsMods (73 bytes)
Event: 0.786 Thread 0x0000013b7f5da450 nmethod 1021 0x0000013b001dc410 code [0x0000013b001dc5a0, 0x0000013b001dc6d8]
Event: 0.786 Thread 0x0000013b7f5da450 1022       3       java.lang.invoke.MemberName::init (67 bytes)
Event: 0.786 Thread 0x0000013b7f5da450 nmethod 1022 0x0000013b001dc790 code [0x0000013b001dc940, 0x0000013b001dcb78]
Event: 0.786 Thread 0x0000013b7f5da450 1023       3       sun.invoke.util.Wrapper::forPrimitiveType (49 bytes)
Event: 0.787 Thread 0x0000013b7f5da450 nmethod 1023 0x0000013b001dcc10 code [0x0000013b001dcf80, 0x0000013b001de328]
Event: 0.787 Thread 0x0000013b7f5da450 1024       3       java.lang.invoke.MethodType$ConcurrentWeakInternSet::add (66 bytes)
Event: 0.788 Thread 0x0000013b7f5da450 nmethod 1024 0x0000013b001dea90 code [0x0000013b001ded00, 0x0000013b001dfae8]
Event: 0.788 Thread 0x0000013b7f5da450 1025       3       java.lang.invoke.MethodType$ConcurrentWeakInternSet$WeakEntry::<init> (15 bytes)
Event: 0.788 Thread 0x0000013b7f5da450 nmethod 1025 0x0000013b001dff90 code [0x0000013b001e0160, 0x0000013b001e0568]
Event: 0.788 Thread 0x0000013b7f90e310 1027       4       sun.net.www.ParseUtil::firstEncodeIndex (86 bytes)

GC Heap History (2 events):
Event: 0.633 GC heap before
{Heap before GC invocations=0 (full 0):
 garbage-first heap   total 65536K, used 26624K [0x00000000fc000000, 0x0000000100000000)
  region size 1024K, 23 young (23552K), 0 survivors (0K)
 Metaspace       used 3925K, committed 4096K, reserved 1114112K
  class space    used 507K, committed 576K, reserved 1048576K
}
Event: 0.639 GC heap after
{Heap after GC invocations=1 (full 0):
 garbage-first heap   total 65536K, used 10368K [0x00000000fc000000, 0x0000000100000000)
  region size 1024K, 3 young (3072K), 3 survivors (3072K)
 Metaspace       used 3925K, committed 4096K, reserved 1114112K
  class space    used 507K, committed 576K, reserved 1048576K
}

Dll operation events (10 events):
Event: 0.010 Loaded shared library C:\Program Files\Microsoft\jdk-17.0.8.7-hotspot\bin\java.dll
Event: 0.035 Loaded shared library C:\Program Files\Microsoft\jdk-17.0.8.7-hotspot\bin\jsvml.dll
Event: 0.063 Loaded shared library C:\Program Files\Microsoft\jdk-17.0.8.7-hotspot\bin\net.dll
Event: 0.064 Loaded shared library C:\Program Files\Microsoft\jdk-17.0.8.7-hotspot\bin\nio.dll
Event: 0.067 Loaded shared library C:\Program Files\Microsoft\jdk-17.0.8.7-hotspot\bin\zip.dll
Event: 0.292 Loaded shared library C:\Program Files\Microsoft\jdk-17.0.8.7-hotspot\bin\jimage.dll
Event: 0.368 Loaded shared library C:\Program Files\Microsoft\jdk-17.0.8.7-hotspot\bin\verify.dll
Event: 0.618 Loaded shared library C:\Users\raimu\.gradle\native\68d5fa5c4cc2d200863cafc0d521ce42e7d3e7ee720ec0a83991735586a16f82\windows-amd64\native-platform.dll
Event: 0.727 Loaded shared library C:\Program Files\Microsoft\jdk-17.0.8.7-hotspot\bin\management.dll
Event: 0.730 Loaded shared library C:\Program Files\Microsoft\jdk-17.0.8.7-hotspot\bin\management_ext.dll

Deoptimization events (20 events):
Event: 0.725 Thread 0x0000013b76bceaa0 Uncommon trap: trap_request=0xffffffde fr.pc=0x0000013b07b308b4 relative=0x0000000000000114
Event: 0.725 Thread 0x0000013b76bceaa0 Uncommon trap: reason=class_check action=maybe_recompile pc=0x0000013b07b308b4 method=jdk.internal.misc.Unsafe.allocateUninitializedArray(Ljava/lang/Class;I)Ljava/lang/Object; @ 51 c2
Event: 0.725 Thread 0x0000013b76bceaa0 DEOPT PACKING pc=0x0000013b07b308b4 sp=0x00000010276fbdf0
Event: 0.725 Thread 0x0000013b76bceaa0 DEOPT UNPACKING pc=0x0000013b0758a1a3 sp=0x00000010276fbd78 mode 2
Event: 0.725 Thread 0x0000013b76bceaa0 Uncommon trap: trap_request=0xffffffde fr.pc=0x0000013b07b308b4 relative=0x0000000000000114
Event: 0.725 Thread 0x0000013b76bceaa0 Uncommon trap: reason=class_check action=maybe_recompile pc=0x0000013b07b308b4 method=jdk.internal.misc.Unsafe.allocateUninitializedArray(Ljava/lang/Class;I)Ljava/lang/Object; @ 51 c2
Event: 0.725 Thread 0x0000013b76bceaa0 DEOPT PACKING pc=0x0000013b07b308b4 sp=0x00000010276fbe20
Event: 0.725 Thread 0x0000013b76bceaa0 DEOPT UNPACKING pc=0x0000013b0758a1a3 sp=0x00000010276fbda8 mode 2
Event: 0.725 Thread 0x0000013b76bceaa0 Uncommon trap: trap_request=0xffffffde fr.pc=0x0000013b07b308b4 relative=0x0000000000000114
Event: 0.725 Thread 0x0000013b76bceaa0 Uncommon trap: reason=class_check action=maybe_recompile pc=0x0000013b07b308b4 method=jdk.internal.misc.Unsafe.allocateUninitializedArray(Ljava/lang/Class;I)Ljava/lang/Object; @ 51 c2
Event: 0.725 Thread 0x0000013b76bceaa0 DEOPT PACKING pc=0x0000013b07b308b4 sp=0x00000010276fbec0
Event: 0.725 Thread 0x0000013b76bceaa0 DEOPT UNPACKING pc=0x0000013b0758a1a3 sp=0x00000010276fbe48 mode 2
Event: 0.734 Thread 0x0000013b76bceaa0 Uncommon trap: trap_request=0xffffff45 fr.pc=0x0000013b07b01ea0 relative=0x0000000000000fa0
Event: 0.734 Thread 0x0000013b76bceaa0 Uncommon trap: reason=unstable_if action=reinterpret pc=0x0000013b07b01ea0 method=java.util.HashMap.putVal(ILjava/lang/Object;Ljava/lang/Object;ZZ)Ljava/lang/Object; @ 236 c2
Event: 0.734 Thread 0x0000013b76bceaa0 DEOPT PACKING pc=0x0000013b07b01ea0 sp=0x00000010276fbc70
Event: 0.734 Thread 0x0000013b76bceaa0 DEOPT UNPACKING pc=0x0000013b0758a1a3 sp=0x00000010276fbc38 mode 2
Event: 0.749 Thread 0x0000013b76bceaa0 DEOPT PACKING pc=0x0000013b0009d6e5 sp=0x00000010276fa030
Event: 0.749 Thread 0x0000013b76bceaa0 DEOPT UNPACKING pc=0x0000013b0758ace3 sp=0x00000010276f9480 mode 0
Event: 0.788 Thread 0x0000013b76bceaa0 DEOPT PACKING pc=0x0000013b000ea238 sp=0x00000010276f9fe0
Event: 0.788 Thread 0x0000013b76bceaa0 DEOPT UNPACKING pc=0x0000013b0758ace3 sp=0x00000010276f94f8 mode 0

Classes unloaded (0 events):
No events

Classes redefined (0 events):
No events

Internal exceptions (13 events):
Event: 0.149 Thread 0x0000013b76bceaa0 Exception <a 'java/lang/NoSuchMethodError'{0x00000000ffc61840}: 'int java.lang.invoke.DirectMethodHandle$Holder.invokeStaticInit(java.lang.Object, java.lang.Object)'> (0x00000000ffc61840) 
thrown [s\src\hotspot\share\interpreter\linkResolver.cpp, line 759]
Event: 0.554 Thread 0x0000013b76bceaa0 Exception <a 'java/lang/NoSuchMethodError'{0x00000000feb84fb0}: 'void java.lang.invoke.DirectMethodHandle$Holder.invokeStatic(java.lang.Object, java.lang.Object)'> (0x00000000feb84fb0) 
thrown [s\src\hotspot\share\interpreter\linkResolver.cpp, line 759]
Event: 0.581 Thread 0x0000013b76bceaa0 Exception <a 'java/lang/NoClassDefFoundError'{0x00000000fea0a0d0}: org/slf4j/impl/StaticMarkerBinder> (0x00000000fea0a0d0) 
thrown [s\src\hotspot\share\classfile\systemDictionary.cpp, line 245]
Event: 0.595 Thread 0x0000013b76bceaa0 Exception <a 'java/lang/NoSuchMethodError'{0x00000000feaa5c48}: 'java.lang.Object java.lang.invoke.DirectMethodHandle$Holder.invokeVirtual(java.lang.Object, java.lang.Object, java.lang.Object, java.lang.Object, java.lang.Object, java.lang.Object, java.lang.Object)'> (0x00000000feaa5c48) 
thrown [s\src\hotspot\share\interpreter\linkResolver.cpp, line 759]
Event: 0.597 Thread 0x0000013b76bceaa0 Exception <a 'java/lang/NoSuchMethodError'{0x00000000feab77e8}: 'java.lang.Object java.lang.invoke.Invokers$Holder.invoker(java.lang.Object, java.lang.Object, java.lang.Object)'> (0x00000000feab77e8) 
thrown [s\src\hotspot\share\interpreter\linkResolver.cpp, line 759]
Event: 0.598 Thread 0x0000013b76bceaa0 Exception <a 'java/lang/NoSuchMethodError'{0x00000000feac08b8}: 'java.lang.Object java.lang.invoke.DirectMethodHandle$Holder.invokeStatic(java.lang.Object, java.lang.Object, int)'> (0x00000000feac08b8) 
thrown [s\src\hotspot\share\interpreter\linkResolver.cpp, line 759]
Event: 0.599 Thread 0x0000013b76bceaa0 Exception <a 'java/lang/NoSuchMethodError'{0x00000000feacc5a8}: 'void java.lang.invoke.DelegatingMethodHandle$Holder.delegate(java.lang.Object, java.lang.Object, int, java.lang.Object)'> (0x00000000feacc5a8) 
thrown [s\src\hotspot\share\interpreter\linkResolver.cpp, line 759]
Event: 0.600 Thread 0x0000013b76bceaa0 Exception <a 'java/lang/NoSuchMethodError'{0x00000000fead06f0}: 'int java.lang.invoke.DirectMethodHandle$Holder.invokeSpecial(java.lang.Object, java.lang.Object, java.lang.Object)'> (0x00000000fead06f0) 
thrown [s\src\hotspot\share\interpreter\linkResolver.cpp, line 759]
Event: 0.605 Thread 0x0000013b76bceaa0 Exception <a 'java/lang/NoSuchMethodError'{0x00000000feae3838}: 'java.lang.Object java.lang.invoke.Invokers$Holder.invokeExact_MT(java.lang.Object, java.lang.Object, java.lang.Object, java.lang.Object)'> (0x00000000feae3838) 
thrown [s\src\hotspot\share\interpreter\linkResolver.cpp, line 759]
Event: 0.698 Thread 0x0000013b76bceaa0 Exception <a 'java/lang/NoSuchMethodError'{0x00000000ffc4e680}: 'void java.lang.invoke.DirectMethodHandle$Holder.invokeSpecial(java.lang.Object, java.lang.Object, java.lang.Object)'> (0x00000000ffc4e680) 
thrown [s\src\hotspot\share\interpreter\linkResolver.cpp, line 759]
Event: 0.708 Thread 0x0000013b76bceaa0 Implicit null exception at 0x0000013b07b1c70c to 0x0000013b07b1cc50
Event: 0.708 Thread 0x0000013b76bceaa0 Implicit null exception at 0x0000013b07b0e80f to 0x0000013b07b0ed58
Event: 0.726 Thread 0x0000013b76bceaa0 Exception <a 'java/lang/NoSuchMethodError'{0x00000000ffbec5c8}: 'java.lang.Object java.lang.invoke.DirectMethodHandle$Holder.invokeStaticInit(java.lang.Object)'> (0x00000000ffbec5c8) 
thrown [s\src\hotspot\share\interpreter\linkResolver.cpp, line 759]

VM Operations (12 events):
Event: 0.067 Executing VM operation: HandshakeAllThreads
Event: 0.067 Executing VM operation: HandshakeAllThreads done
Event: 0.578 Executing VM operation: HandshakeAllThreads
Event: 0.578 Executing VM operation: HandshakeAllThreads done
Event: 0.578 Executing VM operation: HandshakeAllThreads
Event: 0.578 Executing VM operation: HandshakeAllThreads done
Event: 0.598 Executing VM operation: HandshakeAllThreads
Event: 0.598 Executing VM operation: HandshakeAllThreads done
Event: 0.633 Executing VM operation: G1CollectForAllocation
Event: 0.639 Executing VM operation: G1CollectForAllocation done
Event: 0.778 Executing VM operation: HandshakeAllThreads
Event: 0.778 Executing VM operation: HandshakeAllThreads done

Events (20 events):
Event: 0.770 loading class java/lang/annotation/Retention
Event: 0.771 loading class java/lang/annotation/Retention done
Event: 0.771 loading class java/lang/annotation/Inherited
Event: 0.771 loading class java/lang/annotation/Inherited done
Event: 0.771 loading class java/lang/annotation/RetentionPolicy
Event: 0.771 loading class java/lang/annotation/RetentionPolicy done
Event: 0.771 loading class sun/reflect/annotation/AnnotationTypeMismatchExceptionProxy
Event: 0.771 loading class sun/reflect/annotation/ExceptionProxy
Event: 0.771 loading class sun/reflect/annotation/ExceptionProxy done
Event: 0.771 loading class sun/reflect/annotation/AnnotationTypeMismatchExceptionProxy done
Event: 0.771 loading class sun/reflect/annotation/AnnotationParser$1
Event: 0.771 loading class sun/reflect/annotation/AnnotationParser$1 done
Event: 0.771 loading class sun/reflect/annotation/AnnotationInvocationHandler
Event: 0.771 loading class sun/reflect/annotation/AnnotationInvocationHandler done
Event: 0.773 loading class java/lang/annotation/Target
Event: 0.773 loading class java/lang/annotation/Target done
Event: 0.786 loading class java/util/concurrent/atomic/Striped64$1
Event: 0.786 loading class java/util/concurrent/atomic/Striped64$1 done
Event: 0.789 loading class java/io/StreamCorruptedException
Event: 0.790 loading class java/io/StreamCorruptedException done


Dynamic libraries:
0x00007ff7dd880000 - 0x00007ff7dd88e000 	C:\Program Files\Microsoft\jdk-17.0.8.7-hotspot\bin\java.exe
0x00007ffbb0630000 - 0x00007ffbb0847000 	C:\WINDOWS\SYSTEM32\ntdll.dll
0x00007ffbaf510000 - 0x00007ffbaf5d4000 	C:\WINDOWS\System32\KERNEL32.DLL
0x00007ffbad9a0000 - 0x00007ffbadd46000 	C:\WINDOWS\System32\KERNELBASE.dll
0x00007ffbae050000 - 0x00007ffbae161000 	C:\WINDOWS\System32\ucrtbase.dll
0x00007ffb949d0000 - 0x00007ffb949eb000 	C:\Program Files\Microsoft\jdk-17.0.8.7-hotspot\bin\VCRUNTIME140.dll
0x00007ffb91c20000 - 0x00007ffb91c37000 	C:\Program Files\Microsoft\jdk-17.0.8.7-hotspot\bin\jli.dll
0x00007ffbaf5e0000 - 0x00007ffbaf78e000 	C:\WINDOWS\System32\USER32.dll
0x00007ffbae020000 - 0x00007ffbae046000 	C:\WINDOWS\System32\win32u.dll
0x00007ffb97880000 - 0x00007ffb97b13000 	C:\WINDOWS\WinSxS\amd64_microsoft.windows.common-controls_6595b64144ccf1df_6.0.22621.2506_none_270c5ae97388e100\COMCTL32.dll
0x00007ffbaf9e0000 - 0x00007ffbafa09000 	C:\WINDOWS\System32\GDI32.dll
0x00007ffbaf7a0000 - 0x00007ffbaf847000 	C:\WINDOWS\System32\msvcrt.dll
0x00007ffbaddd0000 - 0x00007ffbadee8000 	C:\WINDOWS\System32\gdi32full.dll
0x00007ffbae2e0000 - 0x00007ffbae37a000 	C:\WINDOWS\System32\msvcp_win.dll
0x00007ffbaea50000 - 0x00007ffbaea81000 	C:\WINDOWS\System32\IMM32.DLL
0x00007ffb94b00000 - 0x00007ffb94b0c000 	C:\Program Files\Microsoft\jdk-17.0.8.7-hotspot\bin\vcruntime140_1.dll
0x00007ffb8f810000 - 0x00007ffb8f89d000 	C:\Program Files\Microsoft\jdk-17.0.8.7-hotspot\bin\msvcp140.dll
0x00007ffb541a0000 - 0x00007ffb54e05000 	C:\Program Files\Microsoft\jdk-17.0.8.7-hotspot\bin\server\jvm.dll
0x00007ffbae990000 - 0x00007ffbaea43000 	C:\WINDOWS\System32\ADVAPI32.dll
0x00007ffbae630000 - 0x00007ffbae6d8000 	C:\WINDOWS\System32\sechost.dll
0x00007ffbad970000 - 0x00007ffbad998000 	C:\WINDOWS\System32\bcrypt.dll
0x00007ffbafab0000 - 0x00007ffbafbc7000 	C:\WINDOWS\System32\RPCRT4.dll
0x00007ffbac820000 - 0x00007ffbac86d000 	C:\WINDOWS\SYSTEM32\POWRPROF.dll
0x00007ffb80130000 - 0x00007ffb80139000 	C:\WINDOWS\SYSTEM32\WSOCK32.dll
0x00007ffbab390000 - 0x00007ffbab3c4000 	C:\WINDOWS\SYSTEM32\WINMM.dll
0x00007ffba38c0000 - 0x00007ffba38ca000 	C:\WINDOWS\SYSTEM32\VERSION.dll
0x00007ffbae6e0000 - 0x00007ffbae751000 	C:\WINDOWS\System32\WS2_32.dll
0x00007ffbac7e0000 - 0x00007ffbac7f3000 	C:\WINDOWS\SYSTEM32\UMPDC.dll
0x00007ffbacaa0000 - 0x00007ffbacab8000 	C:\WINDOWS\SYSTEM32\kernel.appcore.dll
0x00007ffb94900000 - 0x00007ffb9490a000 	C:\Program Files\Microsoft\jdk-17.0.8.7-hotspot\bin\jimage.dll
0x00007ffbaaf90000 - 0x00007ffbab1c3000 	C:\WINDOWS\SYSTEM32\DBGHELP.DLL
0x00007ffbb0200000 - 0x00007ffbb0589000 	C:\WINDOWS\System32\combase.dll
0x00007ffbb0070000 - 0x00007ffbb0147000 	C:\WINDOWS\System32\OLEAUT32.dll
0x00007ffbab350000 - 0x00007ffbab382000 	C:\WINDOWS\SYSTEM32\dbgcore.DLL
0x00007ffbadd50000 - 0x00007ffbaddca000 	C:\WINDOWS\System32\bcryptPrimitives.dll
0x00007ffb91540000 - 0x00007ffb91565000 	C:\Program Files\Microsoft\jdk-17.0.8.7-hotspot\bin\java.dll
0x00007ffb8e190000 - 0x00007ffb8e267000 	C:\Program Files\Microsoft\jdk-17.0.8.7-hotspot\bin\jsvml.dll
0x00007ffbaec50000 - 0x00007ffbaf4ab000 	C:\WINDOWS\System32\SHELL32.dll
0x00007ffbab8e0000 - 0x00007ffbac1d6000 	C:\WINDOWS\SYSTEM32\windows.storage.dll
0x00007ffbab7a0000 - 0x00007ffbab8de000 	C:\WINDOWS\SYSTEM32\wintypes.dll
0x00007ffbaf8e0000 - 0x00007ffbaf9d3000 	C:\WINDOWS\System32\SHCORE.dll
0x00007ffbae760000 - 0x00007ffbae7be000 	C:\WINDOWS\System32\shlwapi.dll
0x00007ffbad8a0000 - 0x00007ffbad8c6000 	C:\WINDOWS\SYSTEM32\profapi.dll
0x00007ffb913c0000 - 0x00007ffb913d9000 	C:\Program Files\Microsoft\jdk-17.0.8.7-hotspot\bin\net.dll
0x00007ffba6e70000 - 0x00007ffba6fa7000 	C:\WINDOWS\SYSTEM32\WINHTTP.dll
0x00007ffbacf20000 - 0x00007ffbacf89000 	C:\WINDOWS\system32\mswsock.dll
0x00007ffb913a0000 - 0x00007ffb913b6000 	C:\Program Files\Microsoft\jdk-17.0.8.7-hotspot\bin\nio.dll
0x00007ffb8f7f0000 - 0x00007ffb8f808000 	C:\Program Files\Microsoft\jdk-17.0.8.7-hotspot\bin\zip.dll
0x00007ffb95020000 - 0x00007ffb95030000 	C:\Program Files\Microsoft\jdk-17.0.8.7-hotspot\bin\verify.dll
0x00007ffb94ff0000 - 0x00007ffb95017000 	C:\Users\raimu\.gradle\native\68d5fa5c4cc2d200863cafc0d521ce42e7d3e7ee720ec0a83991735586a16f82\windows-amd64\native-platform.dll
0x00007ffb946a0000 - 0x00007ffb946a9000 	C:\Program Files\Microsoft\jdk-17.0.8.7-hotspot\bin\management.dll
0x00007ffb93040000 - 0x00007ffb9304b000 	C:\Program Files\Microsoft\jdk-17.0.8.7-hotspot\bin\management_ext.dll
0x00007ffbafa10000 - 0x00007ffbafa18000 	C:\WINDOWS\System32\PSAPI.DLL

dbghelp: loaded successfully - version: 4.0.5 - missing functions: none
symbol engine: initialized successfully - sym options: 0x614 - pdb path: .;C:\Program Files\Microsoft\jdk-17.0.8.7-hotspot\bin;C:\WINDOWS\SYSTEM32;C:\WINDOWS\WinSxS\amd64_microsoft.windows.common-controls_6595b64144ccf1df_6.0.22621.2506_none_270c5ae97388e100;C:\Program Files\Microsoft\jdk-17.0.8.7-hotspot\bin\server;C:\Users\raimu\.gradle\native\68d5fa5c4cc2d200863cafc0d521ce42e7d3e7ee720ec0a83991735586a16f82\windows-amd64

VM Arguments:
jvm_args: -Xmx64m -Xms64m -Dorg.gradle.appname=gradlew 
java_command: org.gradle.wrapper.GradleWrapperMain tasks
java_class_path (initial): C:\podify\PodifyPlayer\app\android\\gradle\wrapper\gradle-wrapper.jar
Launcher Type: SUN_STANDARD

[Global flags]
     intx CICompilerCount                          = 4                                         {product} {ergonomic}
     uint ConcGCThreads                            = 2                                         {product} {ergonomic}
     uint G1ConcRefinementThreads                  = 8                                         {product} {ergonomic}
   size_t G1HeapRegionSize                         = 1048576                                   {product} {ergonomic}
    uintx GCDrainStackTargetSize                   = 64                                        {product} {ergonomic}
   size_t InitialHeapSize                          = 67108864                                  {product} {command line}
   size_t MarkStackSize                            = 4194304                                   {product} {ergonomic}
   size_t MaxHeapSize                              = 67108864                                  {product} {command line}
   size_t MaxNewSize                               = 39845888                                  {product} {ergonomic}
   size_t MinHeapDeltaBytes                        = 1048576                                   {product} {ergonomic}
   size_t MinHeapSize                              = 67108864                                  {product} {command line}
    uintx NonNMethodCodeHeapSize                   = 5839372                                {pd product} {ergonomic}
    uintx NonProfiledCodeHeapSize                  = 122909434                              {pd product} {ergonomic}
    uintx ProfiledCodeHeapSize                     = 122909434                              {pd product} {ergonomic}
    uintx ReservedCodeCacheSize                    = 251658240                              {pd product} {ergonomic}
     bool SegmentedCodeCache                       = true                                      {product} {ergonomic}
   size_t SoftMaxHeapSize                          = 67108864                               {manageable} {ergonomic}
     bool UseCompressedClassPointers               = true                           {product lp64_product} {ergonomic}
     bool UseCompressedOops                        = true                           {product lp64_product} {ergonomic}
     bool UseG1GC                                  = true                                      {product} {ergonomic}
     bool UseLargePagesIndividualAllocation        = false                                  {pd product} {ergonomic}

Logging:
Log output configuration:
 #0: stdout all=warning uptime,level,tags
 #1: stderr all=off uptime,level,tags

Environment Variables:
JAVA_HOME=C:\Program Files\Microsoft\jdk-17.0.8.7-hotspot\
CLASSPATH=C:\podify\PodifyPlayer\app\android\\gradle\wrapper\gradle-wrapper.jar
PATH=C:\podify\PodifyPlayer\app\node_modules\.bin;C:\podify\PodifyPlayer\app\node_modules\.bin;C:\podify\PodifyPlayer\node_modules\.bin;C:\podify\node_modules\.bin;C:\node_modules\.bin;C:\Program Files\nodejs\node_modules\npm\node_modules\@npmcli\run-script\lib\node-gyp-bin;C:\podify\PodifyPlayer\app\node_modules\.bin;C:\podify\PodifyPlayer\node_modules\.bin;C:\podify\node_modules\.bin;C:\node_modules\.bin;C:\Program Files\nodejs\node_modules\npm\node_modules\@npmcli\run-script\lib\node-gyp-bin;C:\Program Files\Microsoft\jdk-17.0.8.7-hotspot\bin;C:\MinGW\bin;C:\WINDOWS\system32;C:\WINDOWS;C:\WINDOWS\System32\Wbem;C:\WINDOWS\System32\WindowsPowerShell\v1.0\;C:\WINDOWS\System32\OpenSSH\;C:\ProgramData\chocolatey\bin;C:\Program Files\nodejs\;C:\Users\raimu\AppData\Local\Android\Sdk\platform-tools;C:\Program Files\Git\cmd;C:\Program Files (x86)\Yarn\bin\;C:\Program Files\OpenJDK\jdk-21.0.1\bin;C:\Users\raimu\AppData\Local\Android\Sdk\tools;C:\Users\raimu\AppData\Local\Android\Sdk\tools;C:\Users\raimu\AppData\Local\Programs\Python\Launcher\;C:\Users\raimu\AppData\Local\Microsoft\WindowsApps;C:\Users\raimu\AppData\Roaming\npm;C:\Users\raimu\AppData\Local\Programs\Microsoft VS Code\bin;C:\Users\raimu\AppData\Local\GitHubDesktop\bin;C:\Users\raimu\AppData\Local\Yarn\bin
USERNAME=raimu
LANG=pt_BR.UTF-8
OS=Windows_NT
PROCESSOR_IDENTIFIER=Intel64 Family 6 Model 140 Stepping 1, GenuineIntel
TMP=C:\Users\raimu\AppData\Local\Temp
TEMP=C:\Users\raimu\AppData\Local\Temp



---------------  S Y S T E M  ---------------

OS:
 Windows 11 , 64 bit Build 22621 (10.0.22621.3085)
OS uptime: 0 days 3:51 hours

CPU: total 8 (initial active 8) (4 cores per cpu, 2 threads per core) family 6 model 140 stepping 1 microcode 0xb4, cx8, cmov, fxsr, ht, mmx, 3dnowpref, sse, sse2, sse3, ssse3, sse4.1, sse4.2, popcnt, lzcnt, tsc, tscinvbit, avx, avx2, aes, erms, clmul, bmi1, bmi2, adx, avx512f, avx512dq, avx512cd, avx512bw, avx512vl, sha, fma, vzeroupper, avx512_vpopcntdq, avx512_vpclmulqdq, avx512_vaes, avx512_vnni, clflush, clflushopt, clwb, avx512_vbmi2, avx512_vbmi
Processor Information for all 8 processors :
  Max Mhz: 2803, Current Mhz: 2803, Mhz Limit: 2803

Memory: 4k page, system-wide physical 16126M (2670M free)
TotalPageFile size 24830M (AvailPageFile size 4263M)
current process WorkingSet (physical memory assigned to process): 88M, peak: 89M
current process commit charge ("private bytes"): 164M, peak: 164M

vm_info: OpenJDK 64-Bit Server VM (17.0.8+7-LTS) for windows-amd64 JRE (17.0.8+7-LTS), built on Jul  7 2023 17:21:55 by "MicrosoftCorporation" with MS VC++ 16.10 / 16.11 (VS2019)

END.
