#
# A fatal error has been detected by the Java Runtime Environment:
#
#  EXCEPTION_ACCESS_VIOLATION (0xc0000005) at pc=0x00007ffe9f06d4b0, pid=10996, tid=17916
#
# JRE version: OpenJDK Runtime Environment Microsoft-8035246 (17.0.8+7) (build 17.0.8+7-LTS)
# Java VM: OpenJDK 64-Bit Server VM Microsoft-8035246 (17.0.8+7-LTS, mixed mode, sharing, tiered, compressed oops, compressed class ptrs, g1 gc, windows-amd64)
# Problematic frame:
# V  [jvm.dll+0x6cd4b0]
#
# No core dump will be written. Minidumps are not enabled by default on client versions of Windows
#
# If you would like to submit a bug report, please visit:
#   https://github.com/microsoft/openjdk/issues
#

---------------  S U M M A R Y ------------

Command Line: -XX:MaxMetaspaceSize=512m --add-opens=java.base/java.util=ALL-UNNAMED --add-opens=java.base/java.lang=ALL-UNNAMED --add-opens=java.base/java.lang.invoke=ALL-UNNAMED --add-opens=java.prefs/java.util.prefs=ALL-UNNAMED --add-opens=java.base/java.nio.charset=ALL-UNNAMED --add-opens=java.base/java.net=ALL-UNNAMED --add-opens=java.base/java.util.concurrent.atomic=ALL-UNNAMED -Xmx2048m -Dfile.encoding=windows-1252 -Duser.country=US -Duser.language=en -Duser.variant org.gradle.launcher.daemon.bootstrap.GradleDaemon 8.0.1

Host: 11th Gen Intel(R) Core(TM) i7-1165G7 @ 2.80GHz, 8 cores, 15G,  Windows 11 , 64 bit Build 22621 (10.0.22621.2506)
Time: Wed Jan 10 20:32:54 2024 E. South America Standard Time elapsed time: 10.929588 seconds (0d 0h 0m 10s)

---------------  T H R E A D  ---------------

Current thread (0x0000027e3116a8f0):  JavaThread "C1 CompilerThread0" daemon [_thread_in_native, id=17916, stack(0x000000de80400000,0x000000de80500000)]


Current CompileTask:
C1:  10929 7203       3       org.gradle.internal.reflect.annotations.impl.DefaultTypeAnnotationMetadataStore$PropertyAnnotationMetadataBuilder::inheritAnnotations (35 bytes)

Stack: [0x000000de80400000,0x000000de80500000],  sp=0x000000de804fe878,  free space=1018k
Native frames: (J=compiled Java code, j=interpreted, Vv=VM code, C=native code)
V  [jvm.dll+0x6cd4b0]
V  [jvm.dll+0x202c9f]
V  [jvm.dll+0x5b7aa9]
V  [jvm.dll+0x181701]
V  [jvm.dll+0x1549de]
V  [jvm.dll+0x152587]
V  [jvm.dll+0x1523f7]
V  [jvm.dll+0x15222e]
V  [jvm.dll+0x136079]
V  [jvm.dll+0x135bda]
V  [jvm.dll+0x135dc6]
V  [jvm.dll+0x13525a]
V  [jvm.dll+0x136f21]
V  [jvm.dll+0x2291ea]
V  [jvm.dll+0x22724c]
V  [jvm.dll+0x7efd0c]
V  [jvm.dll+0x7ea13a]
V  [jvm.dll+0x67ad85]
C  [ucrtbase.dll+0x29363]
C  [KERNEL32.DLL+0x1257d]
C  [ntdll.dll+0x5aa58]


siginfo: EXCEPTION_ACCESS_VIOLATION (0xc0000005), reading address 0xffffffffffffffff


Register to memory mapping:

RIP=0x00007ffe9f06d4b0 jvm.dll
RAX=0x00007ffe9f2460d0 jvm.dll
RBX=0x000000de804fefa8 is pointing into the stack for thread: 0x0000027e3116a8f0
RCX=0x000000de804fe8c8 is pointing into the stack for thread: 0x0000027e3116a8f0
RDX=0x0000000000000006 is an unknown value
RSP=0x000000de804fe878 is pointing into the stack for thread: 0x0000027e3116a8f0
RBP=0x000000de804fe8f8 is pointing into the stack for thread: 0x0000027e3116a8f0
RSI=0x000000de804fea00 is pointing into the stack for thread: 0x0000027e3116a8f0
RDI=0x0000027e21489594 is at code_begin+20 in 
[CodeBlob (0x0000027e21489510)]
Framesize: 0
BufferBlob (0x0000027e21489510) used for C1 temporary CodeBuffer
R8 =0x0000000000000006 is an unknown value
R9 =0x0 is NULL
R10=0x0 is NULL
R11=0x000000de804fe9d0 is pointing into the stack for thread: 0x0000027e3116a8f0
R12=0x000000000000000a is an unknown value
R13=0x0000027e5464c450 points into unknown readable memory: 0x000000100000000a | 0a 00 00 00 10 00 00 00
R14=0x0000027e5464b9b0 points into unknown readable memory: 0x0000000900000008 | 08 00 00 00 09 00 00 00
R15=0x0 is NULL


Registers:
RAX=0x00007ffe9f2460d0, RBX=0x000000de804fefa8, RCX=0x000000de804fe8c8, RDX=0x0000000000000006
RSP=0x000000de804fe878, RBP=0x000000de804fe8f8, RSI=0x000000de804fea00, RDI=0x0000027e21489594
R8 =0x0000000000000006, R9 =0x0000000000000000, R10=0x0000000000000000, R11=0x000000de804fe9d0
R12=0x000000000000000a, R13=0x0000027e5464c450, R14=0x0000027e5464b9b0, R15=0x0000000000000000
RIP=0x00007ffe9f06d4b0, EFLAGS=0x0000000000010202

Top of Stack: (sp=0x000000de804fe878)
0x000000de804fe878:   00007ffe9eba2c9f 0000000000000000
0x000000de804fe888:   00007ffe9f2460d0 0000000000000000
0x000000de804fe898:   0000000000000000 00007ffe9f2460d0
0x000000de804fe8a8:   0000000000000000 0000000000000000
0x000000de804fe8b8:   ffffffffffffffff ffffffffffffffff
0x000000de804fe8c8:   00000008ffffffff 0000000000000000
0x000000de804fe8d8:   00007ffe9ea5afdd 0000000000000000
0x000000de804fe8e8:   0000000000000000 0000027e3127fa10
0x000000de804fe8f8:   0000000000000001 0000027e546948b0
0x000000de804fe908:   0000027e546948b0 0000000000000005
0x000000de804fe918:   00007ffe9ef57aa9 0000027e546948b0
0x000000de804fe928:   0000000000000000 0000000000000002
0x000000de804fe938:   ffffffff00000000 ffffffff00000000
0x000000de804fe948:   00000008ffffffff 00007ffe9f246240
0x000000de804fe958:   0000000000000000 0000000000000006
0x000000de804fe968:   0000000000000000 0000027e3127fa10 

Instructions: (pc=0x00007ffe9f06d4b0)
0x00007ffe9f06d3b0:   48 8b 59 08 49 8b f1 4c 8d 43 02 4c 89 41 08 4c
0x00007ffe9f06d3c0:   3b c5 0f 84 87 00 00 00 66 44 89 69 38 41 0f b7
0x00007ffe9f06d3d0:   10 0f b7 c2 66 41 23 c7 66 41 3b c7 75 4f 0f b7
0x00007ffe9f06d3e0:   c2 4d 8d 50 02 66 c1 e8 0b 41 84 c4 74 23 41 8b
0x00007ffe9f06d3f0:   c6 4c 89 51 30 66 41 23 00 0f b7 d0 49 8d 40 02
0x00007ffe9f06d400:   66 89 51 38 48 8d 04 50 48 89 41 08 0f b7 10 eb
0x00007ffe9f06d410:   1c 48 8d 41 28 66 44 89 61 38 66 41 23 d6 48 89
0x00007ffe9f06d420:   41 30 66 89 10 4c 89 51 08 41 0f b7 12 0f b7 c2
0x00007ffe9f06d430:   25 ff 03 00 00 4c 03 c8 4c 89 49 20 4d 85 db 74
0x00007ffe9f06d440:   05 4d 3b cb 73 09 4c 3b cf 0f 82 61 ff ff ff 4c
0x00007ffe9f06d450:   8b 3c 24 b8 ff ff ff ff 4c 8b 74 24 08 4c 8b 6c
0x00007ffe9f06d460:   24 10 4c 8b 64 24 18 48 8b 6c 24 38 48 89 59 08
0x00007ffe9f06d470:   48 8b 5c 24 30 48 89 71 20 48 8b 74 24 40 66 89
0x00007ffe9f06d480:   41 38 48 83 c4 20 5f c3 cc cc cc cc cc cc cc cc
0x00007ffe9f06d490:   48 83 ec 28 ba 13 01 00 00 48 8d 0d 18 b8 2e 00
0x00007ffe9f06d4a0:   e8 fb a1 b7 ff 48 83 c4 28 e9 a2 e5 fa ff cc cc
0x00007ffe9f06d4b0:   40 53 48 81 ec c0 00 00 00 48 8b d9 85 d2 75 2e
0x00007ffe9f06d4c0:   0f 10 05 d9 36 46 00 48 8b c1 0f 10 0d df 36 46
0x00007ffe9f06d4d0:   00 0f 11 01 f2 0f 10 05 e4 36 46 00 0f 11 49 10
0x00007ffe9f06d4e0:   f2 0f 11 41 20 48 81 c4 c0 00 00 00 5b c3 33 c9
0x00007ffe9f06d4f0:   66 c1 e2 0c 48 8d 05 d5 8b 1d 00 48 89 8c 24 98
0x00007ffe9f06d500:   00 00 00 48 89 84 24 90 00 00 00 48 8d 84 24 d8
0x00007ffe9f06d510:   00 00 00 89 8c 24 a0 00 00 00 48 89 4c 24 60 48
0x00007ffe9f06d520:   89 4c 24 78 48 89 4c 24 68 48 89 8c 24 80 00 00
0x00007ffe9f06d530:   00 48 89 4c 24 70 48 89 8c 24 88 00 00 00 66 89
0x00007ffe9f06d540:   4c 24 58 48 8d 4c 24 20 48 89 44 24 28 66 89 94
0x00007ffe9f06d550:   24 d8 00 00 00 e8 26 f9 ff ff 0f 28 84 24 90 00
0x00007ffe9f06d560:   00 00 48 8b c3 0f 28 8c 24 a0 00 00 00 0f 11 03
0x00007ffe9f06d570:   f2 0f 10 84 24 b0 00 00 00 0f 11 4b 10 f2 0f 11
0x00007ffe9f06d580:   43 20 48 81 c4 c0 00 00 00 5b c3 cc cc cc cc cc
0x00007ffe9f06d590:   48 89 5c 24 08 48 89 6c 24 10 48 89 74 24 18 57
0x00007ffe9f06d5a0:   41 54 41 55 41 56 41 57 48 81 ec c0 00 00 00 48 


Stack slot to memory mapping:
stack at sp + 0 slots: 0x00007ffe9eba2c9f jvm.dll
stack at sp + 1 slots: 0x0 is NULL
stack at sp + 2 slots: 0x00007ffe9f2460d0 jvm.dll
stack at sp + 3 slots: 0x0 is NULL
stack at sp + 4 slots: 0x0 is NULL
stack at sp + 5 slots: 0x00007ffe9f2460d0 jvm.dll
stack at sp + 6 slots: 0x0 is NULL
stack at sp + 7 slots: 0x0 is NULL


---------------  P R O C E S S  ---------------

Threads class SMR info:
_java_thread_list=0x0000027e51815f50, length=73, elements={
0x0000027e10bfc110, 0x0000027e31045860, 0x0000027e31046330, 0x0000027e3105c6b0,
0x0000027e3105d080, 0x0000027e3105d950, 0x0000027e311640a0, 0x0000027e31164a20,
0x0000027e3116a8f0, 0x0000027e3117e8c0, 0x0000027e312c6630, 0x0000027e312cb570,
0x0000027e52d17010, 0x0000027e52486050, 0x0000027e31b59270, 0x0000027e51f401c0,
0x0000027e51ef1fd0, 0x0000027e51d68e80, 0x0000027e52700210, 0x0000027e526fca60,
0x0000027e526ff2e0, 0x0000027e526fcf70, 0x0000027e526fedd0, 0x0000027e526ff7f0,
0x0000027e526fe3b0, 0x0000027e526fe8c0, 0x0000027e526fd480, 0x0000027e526fdea0,
0x0000027e526fd990, 0x0000027e5667e010, 0x0000027e5667c6c0, 0x0000027e56677fe0,
0x0000027e56678a00, 0x0000027e56679420, 0x0000027e5667b280, 0x0000027e56679e40,
0x0000027e5667b790, 0x0000027e5667a350, 0x0000027e5667cbd0, 0x0000027e56677ad0,
0x0000027e5667a860, 0x0000027e5667ad70, 0x0000027e5667bca0, 0x0000027e5667c1b0,
0x0000027e5667d0e0, 0x0000027e5667d5f0, 0x0000027e5667db00, 0x0000027e5667ef40,
0x0000027e566784f0, 0x0000027e5667e520, 0x0000027e5667ea30, 0x0000027e5667f450,
0x0000027e53eff8b0, 0x0000027e53efd540, 0x0000027e53efe470, 0x0000027e53efc100,
0x0000027e53eff3a0, 0x0000027e53efd030, 0x0000027e53efc610, 0x0000027e53efee90,
0x0000027e53efcb20, 0x0000027e53efda50, 0x0000027e53efdf60, 0x0000027e53efe980,
0x0000027e5220ffe0, 0x0000027e52210f10, 0x0000027e52216a30, 0x0000027e52216f40,
0x0000027e52215b00, 0x0000027e52212350, 0x0000027e52210a00, 0x0000027e53327820,
0x0000027e52212860
}

Java Threads: ( => current thread )
  0x0000027e10bfc110 JavaThread "main" [_thread_blocked, id=6000, stack(0x000000deff600000,0x000000deff700000)]
  0x0000027e31045860 JavaThread "Reference Handler" daemon [_thread_blocked, id=9228, stack(0x000000deffd00000,0x000000deffe00000)]
  0x0000027e31046330 JavaThread "Finalizer" daemon [_thread_blocked, id=4068, stack(0x000000deffe00000,0x000000defff00000)]
  0x0000027e3105c6b0 JavaThread "Signal Dispatcher" daemon [_thread_blocked, id=17100, stack(0x000000defff00000,0x000000df00000000)]
  0x0000027e3105d080 JavaThread "Attach Listener" daemon [_thread_blocked, id=10468, stack(0x000000de80000000,0x000000de80100000)]
  0x0000027e3105d950 JavaThread "Service Thread" daemon [_thread_blocked, id=18184, stack(0x000000de80100000,0x000000de80200000)]
  0x0000027e311640a0 JavaThread "Monitor Deflation Thread" daemon [_thread_blocked, id=10420, stack(0x000000de80200000,0x000000de80300000)]
  0x0000027e31164a20 JavaThread "C2 CompilerThread0" daemon [_thread_in_native, id=2064, stack(0x000000de80300000,0x000000de80400000)]
=>0x0000027e3116a8f0 JavaThread "C1 CompilerThread0" daemon [_thread_in_native, id=17916, stack(0x000000de80400000,0x000000de80500000)]
  0x0000027e3117e8c0 JavaThread "Sweeper thread" daemon [_thread_blocked, id=8672, stack(0x000000de80500000,0x000000de80600000)]
  0x0000027e312c6630 JavaThread "Common-Cleaner" daemon [_thread_blocked, id=17128, stack(0x000000de80600000,0x000000de80700000)]
  0x0000027e312cb570 JavaThread "Notification Thread" daemon [_thread_blocked, id=10056, stack(0x000000de80700000,0x000000de80800000)]
  0x0000027e52d17010 JavaThread "Daemon health stats" [_thread_blocked, id=1784, stack(0x000000de81000000,0x000000de81100000)]
  0x0000027e52486050 JavaThread "Incoming local TCP Connector on port 53053" [_thread_in_native, id=18396, stack(0x000000de81100000,0x000000de81200000)]
  0x0000027e31b59270 JavaThread "Daemon periodic checks" [_thread_blocked, id=1764, stack(0x000000de81200000,0x000000de81300000)]
  0x0000027e51f401c0 JavaThread "Daemon" [_thread_blocked, id=12496, stack(0x000000de81300000,0x000000de81400000)]
  0x0000027e51ef1fd0 JavaThread "Handler for socket connection from /127.0.0.1:53053 to /127.0.0.1:53054" [_thread_in_native, id=12472, stack(0x000000de81400000,0x000000de81500000)]
  0x0000027e51d68e80 JavaThread "Cancel handler" [_thread_blocked, id=3904, stack(0x000000de81500000,0x000000de81600000)]
  0x0000027e52700210 JavaThread "Daemon worker" [_thread_in_vm, id=4352, stack(0x000000de81600000,0x000000de81700000)]
  0x0000027e526fca60 JavaThread "Asynchronous log dispatcher for DefaultDaemonConnection: socket connection from /127.0.0.1:53053 to /127.0.0.1:53054" [_thread_blocked, id=2996, stack(0x000000de81700000,0x000000de81800000)]
  0x0000027e526ff2e0 JavaThread "Stdin handler" [_thread_blocked, id=12672, stack(0x000000de81800000,0x000000de81900000)]
  0x0000027e526fcf70 JavaThread "Daemon client event forwarder" [_thread_blocked, id=4320, stack(0x000000de81900000,0x000000de81a00000)]
  0x0000027e526fedd0 JavaThread "Cache worker for journal cache (C:\Users\raimu\.gradle\caches\journal-1)" [_thread_blocked, id=2884, stack(0x000000de81a00000,0x000000de81b00000)]
  0x0000027e526ff7f0 JavaThread "File lock request listener" [_thread_in_native, id=3444, stack(0x000000de81b00000,0x000000de81c00000)]
  0x0000027e526fe3b0 JavaThread "Cache worker for file hash cache (C:\Users\raimu\.gradle\caches\8.0.1\fileHashes)" [_thread_blocked, id=13540, stack(0x000000de81c00000,0x000000de81d00000)]
  0x0000027e526fe8c0 JavaThread "File watcher server" daemon [_thread_in_native, id=1992, stack(0x000000de81d00000,0x000000de81e00000)]
  0x0000027e526fd480 JavaThread "File watcher consumer" daemon [_thread_blocked, id=9892, stack(0x000000de81e00000,0x000000de81f00000)]
  0x0000027e526fdea0 JavaThread "Cache worker for checksums cache (C:\podify\PodifyPlayer\app\android\.gradle\8.0.1\checksums)" [_thread_blocked, id=10196, stack(0x000000de81f00000,0x000000de82000000)]
  0x0000027e526fd990 JavaThread "Cache worker for cache directory md-rule (C:\Users\raimu\.gradle\caches\8.0.1\md-rule)" [_thread_blocked, id=16672, stack(0x000000de82000000,0x000000de82100000)]
  0x0000027e5667e010 JavaThread "Cache worker for file content cache (C:\Users\raimu\.gradle\caches\8.0.1\fileContent)" [_thread_blocked, id=5680, stack(0x000000de82100000,0x000000de82200000)]
  0x0000027e5667c6c0 JavaThread "Cache worker for file hash cache (C:\podify\PodifyPlayer\app\android\.gradle\8.0.1\fileHashes)" [_thread_blocked, id=4712, stack(0x000000de82200000,0x000000de82300000)]
  0x0000027e56677fe0 JavaThread "Cache worker for cache directory md-supplier (C:\Users\raimu\.gradle\caches\8.0.1\md-supplier)" [_thread_blocked, id=5600, stack(0x000000de82300000,0x000000de82400000)]
  0x0000027e56678a00 JavaThread "Cache worker for execution history cache (C:\Users\raimu\.gradle\caches\8.0.1\executionHistory)" [_thread_blocked, id=3680, stack(0x000000de82700000,0x000000de82800000)]
  0x0000027e56679420 JavaThread "jar transforms" [_thread_blocked, id=2608, stack(0x000000de82800000,0x000000de82900000)]
  0x0000027e5667b280 JavaThread "jar transforms Thread 2" [_thread_blocked, id=7640, stack(0x000000de82900000,0x000000de82a00000)]
  0x0000027e56679e40 JavaThread "jar transforms Thread 3" [_thread_blocked, id=18208, stack(0x000000de82a00000,0x000000de82b00000)]
  0x0000027e5667b790 JavaThread "jar transforms Thread 4" [_thread_blocked, id=6968, stack(0x000000de82b00000,0x000000de82c00000)]
  0x0000027e5667a350 JavaThread "Cache worker for kotlin-dsl (C:\Users\raimu\.gradle\caches\8.0.1\kotlin-dsl)" [_thread_blocked, id=6308, stack(0x000000de82c00000,0x000000de82d00000)]
  0x0000027e5667cbd0 JavaThread "jar transforms Thread 5" [_thread_blocked, id=18316, stack(0x000000de82d00000,0x000000de82e00000)]
  0x0000027e56677ad0 JavaThread "jar transforms Thread 6" [_thread_blocked, id=17208, stack(0x000000de82e00000,0x000000de82f00000)]
  0x0000027e5667a860 JavaThread "Cache worker for dependencies-accessors (C:\podify\PodifyPlayer\app\android\.gradle\8.0.1\dependencies-accessors)" [_thread_blocked, id=16740, stack(0x000000de82f00000,0x000000de83000000)]
  0x0000027e5667ad70 JavaThread "Cache worker for Build Output Cleanup Cache (C:\podify\PodifyPlayer\app\node_modules\@react-native\gradle-plugin\.gradle\buildOutputCleanup)" [_thread_blocked, id=16088, stack(0x000000de83000000,0x000000de83100000)]
  0x0000027e5667bca0 JavaThread "jar transforms Thread 7" [_thread_blocked, id=13164, stack(0x000000de83100000,0x000000de83200000)]
  0x0000027e5667c1b0 JavaThread "Unconstrained build operations" [_thread_blocked, id=15192, stack(0x000000de83200000,0x000000de83300000)]
  0x0000027e5667d0e0 JavaThread "Unconstrained build operations Thread 2" [_thread_blocked, id=8548, stack(0x000000de83300000,0x000000de83400000)]
  0x0000027e5667d5f0 JavaThread "Unconstrained build operations Thread 3" [_thread_blocked, id=5268, stack(0x000000de83400000,0x000000de83500000)]
  0x0000027e5667db00 JavaThread "Unconstrained build operations Thread 4" [_thread_blocked, id=16312, stack(0x000000de83500000,0x000000de83600000)]
  0x0000027e5667ef40 JavaThread "Unconstrained build operations Thread 5" [_thread_blocked, id=9852, stack(0x000000de83600000,0x000000de83700000)]
  0x0000027e566784f0 JavaThread "Unconstrained build operations Thread 6" [_thread_blocked, id=10232, stack(0x000000de83700000,0x000000de83800000)]
  0x0000027e5667e520 JavaThread "Unconstrained build operations Thread 7" [_thread_blocked, id=15740, stack(0x000000de83800000,0x000000de83900000)]
  0x0000027e5667ea30 JavaThread "Unconstrained build operations Thread 8" [_thread_blocked, id=15948, stack(0x000000de83900000,0x000000de83a00000)]
  0x0000027e5667f450 JavaThread "Unconstrained build operations Thread 9" [_thread_blocked, id=7268, stack(0x000000de83a00000,0x000000de83b00000)]
  0x0000027e53eff8b0 JavaThread "Unconstrained build operations Thread 10" [_thread_blocked, id=9840, stack(0x000000de83b00000,0x000000de83c00000)]
  0x0000027e53efd540 JavaThread "Unconstrained build operations Thread 11" [_thread_blocked, id=11636, stack(0x000000de83c00000,0x000000de83d00000)]
  0x0000027e53efe470 JavaThread "Unconstrained build operations Thread 12" [_thread_blocked, id=15628, stack(0x000000de83d00000,0x000000de83e00000)]
  0x0000027e53efc100 JavaThread "Unconstrained build operations Thread 13" [_thread_blocked, id=10412, stack(0x000000de83e00000,0x000000de83f00000)]
  0x0000027e53eff3a0 JavaThread "Unconstrained build operations Thread 14" [_thread_blocked, id=13180, stack(0x000000de83f00000,0x000000de84000000)]
  0x0000027e53efd030 JavaThread "Unconstrained build operations Thread 15" [_thread_blocked, id=8208, stack(0x000000de84000000,0x000000de84100000)]
  0x0000027e53efc610 JavaThread "Unconstrained build operations Thread 16" [_thread_blocked, id=17212, stack(0x000000de84100000,0x000000de84200000)]
  0x0000027e53efee90 JavaThread "Unconstrained build operations Thread 17" [_thread_blocked, id=17292, stack(0x000000de84200000,0x000000de84300000)]
  0x0000027e53efcb20 JavaThread "Unconstrained build operations Thread 18" [_thread_blocked, id=3760, stack(0x000000de84300000,0x000000de84400000)]
  0x0000027e53efda50 JavaThread "Unconstrained build operations Thread 19" [_thread_blocked, id=4764, stack(0x000000de84400000,0x000000de84500000)]
  0x0000027e53efdf60 JavaThread "Unconstrained build operations Thread 20" [_thread_blocked, id=6140, stack(0x000000de84500000,0x000000de84600000)]
  0x0000027e53efe980 JavaThread "Unconstrained build operations Thread 21" [_thread_blocked, id=5172, stack(0x000000de84600000,0x000000de84700000)]
  0x0000027e5220ffe0 JavaThread "Unconstrained build operations Thread 22" [_thread_blocked, id=10516, stack(0x000000de84700000,0x000000de84800000)]
  0x0000027e52210f10 JavaThread "Unconstrained build operations Thread 23" [_thread_blocked, id=7836, stack(0x000000de84800000,0x000000de84900000)]
  0x0000027e52216a30 JavaThread "Unconstrained build operations Thread 24" [_thread_blocked, id=7296, stack(0x000000de84900000,0x000000de84a00000)]
  0x0000027e52216f40 JavaThread "Unconstrained build operations Thread 25" [_thread_blocked, id=12312, stack(0x000000de84a00000,0x000000de84b00000)]
  0x0000027e52215b00 JavaThread "Unconstrained build operations Thread 26" [_thread_blocked, id=4420, stack(0x000000de84b00000,0x000000de84c00000)]
  0x0000027e52212350 JavaThread "jar transforms Thread 8" [_thread_blocked, id=5732, stack(0x000000de84c00000,0x000000de84d00000)]
  0x0000027e52210a00 JavaThread "Memory manager" [_thread_blocked, id=1736, stack(0x000000de84d00000,0x000000de84e00000)]
  0x0000027e53327820 JavaThread "C2 CompilerThread1" daemon [_thread_in_native, id=4308, stack(0x000000de80900000,0x000000de80a00000)]
  0x0000027e52212860 JavaThread "Cache worker for Build Output Cleanup Cache (C:\podify\PodifyPlayer\app\android\.gradle\buildOutputCleanup)" [_thread_blocked, id=13000, stack(0x000000de80a00000,0x000000de80b00000)]

Other Threads:
  0x0000027e31041300 VMThread "VM Thread" [stack: 0x000000deffc00000,0x000000deffd00000] [id=7748]
  0x0000027e10c82b90 WatcherThread [stack: 0x000000de80800000,0x000000de80900000] [id=16676]
  0x0000027e10c5b960 GCTaskThread "GC Thread#0" [stack: 0x000000deff700000,0x000000deff800000] [id=18136]
  0x0000027e515057a0 GCTaskThread "GC Thread#1" [stack: 0x000000de80b00000,0x000000de80c00000] [id=11536]
  0x0000027e51505a60 GCTaskThread "GC Thread#2" [stack: 0x000000de80c00000,0x000000de80d00000] [id=17892]
  0x0000027e31c92a50 GCTaskThread "GC Thread#3" [stack: 0x000000de80d00000,0x000000de80e00000] [id=15568]
  0x0000027e31c92d10 GCTaskThread "GC Thread#4" [stack: 0x000000de80e00000,0x000000de80f00000] [id=12544]
  0x0000027e31c92fd0 GCTaskThread "GC Thread#5" [stack: 0x000000de80f00000,0x000000de81000000] [id=4580]
  0x0000027e52972bf0 GCTaskThread "GC Thread#6" [stack: 0x000000de82400000,0x000000de82500000] [id=12356]
  0x0000027e52971070 GCTaskThread "GC Thread#7" [stack: 0x000000de82500000,0x000000de82600000] [id=7972]
  0x0000027e10c6c7c0 ConcurrentGCThread "G1 Main Marker" [stack: 0x000000deff800000,0x000000deff900000] [id=16328]
  0x0000027e10c6d880 ConcurrentGCThread "G1 Conc#0" [stack: 0x000000deff900000,0x000000deffa00000] [id=3148]
  0x0000027e52971330 ConcurrentGCThread "G1 Conc#1" [stack: 0x000000de82600000,0x000000de82700000] [id=17052]
  0x0000027e10caecb0 ConcurrentGCThread "G1 Refine#0" [stack: 0x000000deffa00000,0x000000deffb00000] [id=1444]
  0x0000027e30efcc30 ConcurrentGCThread "G1 Service" [stack: 0x000000deffb00000,0x000000deffc00000] [id=12340]

Threads with active compile tasks:
C2 CompilerThread0    11018 7190       4       org.gradle.internal.serialize.kryo.StringDeduplicatingKryoBackedEncoder::writeString (20 bytes)
C1 CompilerThread0    11018 7203       3       org.gradle.internal.reflect.annotations.impl.DefaultTypeAnnotationMetadataStore$PropertyAnnotationMetadataBuilder::inheritAnnotations (35 bytes)
C2 CompilerThread1    11018 7185       4       org.gradle.internal.serialize.kryo.StringDeduplicatingKryoBackedEncoder::writeNullableString (114 bytes)

VM state: not at safepoint (normal execution)

VM Mutex/Monitor currently owned by a thread: None

Heap address: 0x0000000080000000, size: 2048 MB, Compressed Oops mode: 32-bit

CDS archive(s) mapped at: [0x0000027e32000000-0x0000027e32bd0000-0x0000027e32bd0000), size 12386304, SharedBaseAddress: 0x0000027e32000000, ArchiveRelocationMode: 1.
Compressed class space mapped at: 0x0000027e33000000-0x0000027e4d000000, reserved size: 436207616
Narrow klass base: 0x0000027e32000000, Narrow klass shift: 0, Narrow klass range: 0x100000000

GC Precious Log:
 CPUs: 8 total, 8 available
 Memory: 16126M
 Large Page Support: Disabled
 NUMA Support: Disabled
 Compressed Oops: Enabled (32-bit)
 Heap Region Size: 1M
 Heap Min Capacity: 8M
 Heap Initial Capacity: 252M
 Heap Max Capacity: 2G
 Pre-touch: Disabled
 Parallel Workers: 8
 Concurrent Workers: 2
 Concurrent Refinement Workers: 8
 Periodic GC: Disabled

Heap:
 garbage-first heap   total 104448K, used 73102K [0x0000000080000000, 0x0000000100000000)
  region size 1024K, 17 young (17408K), 1 survivors (1024K)
 Metaspace       used 58511K, committed 59136K, reserved 491520K
  class space    used 8172K, committed 8448K, reserved 425984K

Heap Regions: E=young(eden), S=young(survivor), O=old, HS=humongous(starts), HC=humongous(continues), CS=collection set, F=free, OA=open archive, CA=closed archive, TAMS=top-at-mark-start (previous, next)
|   0|0x0000000080000000, 0x0000000080100000, 0x0000000080100000|100%|HS|  |TAMS 0x0000000080100000, 0x0000000080000000| Complete 
|   1|0x0000000080100000, 0x0000000080200000, 0x0000000080200000|100%|HC|  |TAMS 0x0000000080200000, 0x0000000080100000| Complete 
|   2|0x0000000080200000, 0x0000000080300000, 0x0000000080300000|100%|HC|  |TAMS 0x0000000080300000, 0x0000000080200000| Complete 
|   3|0x0000000080300000, 0x0000000080400000, 0x0000000080400000|100%|HC|  |TAMS 0x0000000080400000, 0x0000000080300000| Complete 
|   4|0x0000000080400000, 0x0000000080500000, 0x0000000080500000|100%| O|  |TAMS 0x0000000080500000, 0x0000000080400000| Untracked 
|   5|0x0000000080500000, 0x0000000080600000, 0x0000000080600000|100%| O|  |TAMS 0x0000000080600000, 0x0000000080500000| Untracked 
|   6|0x0000000080600000, 0x0000000080700000, 0x0000000080700000|100%| O|  |TAMS 0x0000000080700000, 0x0000000080600000| Untracked 
|   7|0x0000000080700000, 0x0000000080800000, 0x0000000080800000|100%| O|  |TAMS 0x0000000080800000, 0x0000000080700000| Untracked 
|   8|0x0000000080800000, 0x0000000080900000, 0x0000000080900000|100%| O|  |TAMS 0x0000000080900000, 0x0000000080800000| Untracked 
|   9|0x0000000080900000, 0x0000000080a00000, 0x0000000080a00000|100%| O|  |TAMS 0x0000000080a00000, 0x0000000080900000| Untracked 
|  10|0x0000000080a00000, 0x0000000080b00000, 0x0000000080b00000|100%| O|  |TAMS 0x0000000080b00000, 0x0000000080a00000| Untracked 
|  11|0x0000000080b00000, 0x0000000080b00000, 0x0000000080c00000|  0%| F|  |TAMS 0x0000000080b00000, 0x0000000080b00000| Untracked 
|  12|0x0000000080c00000, 0x0000000080d00000, 0x0000000080d00000|100%| O|  |TAMS 0x0000000080d00000, 0x0000000080c00000| Untracked 
|  13|0x0000000080d00000, 0x0000000080e00000, 0x0000000080e00000|100%| O|  |TAMS 0x0000000080e00000, 0x0000000080d00000| Untracked 
|  14|0x0000000080e00000, 0x0000000080f00000, 0x0000000080f00000|100%| O|  |TAMS 0x0000000080f00000, 0x0000000080e00000| Untracked 
|  15|0x0000000080f00000, 0x0000000081000000, 0x0000000081000000|100%| O|  |TAMS 0x0000000081000000, 0x0000000080f00000| Untracked 
|  16|0x0000000081000000, 0x0000000081100000, 0x0000000081100000|100%| O|  |TAMS 0x0000000081100000, 0x0000000081000000| Untracked 
|  17|0x0000000081100000, 0x0000000081200000, 0x0000000081200000|100%| O|  |TAMS 0x0000000081200000, 0x0000000081100000| Untracked 
|  18|0x0000000081200000, 0x0000000081300000, 0x0000000081300000|100%| O|  |TAMS 0x0000000081300000, 0x0000000081200000| Untracked 
|  19|0x0000000081300000, 0x0000000081400000, 0x0000000081400000|100%| O|  |TAMS 0x0000000081400000, 0x0000000081300000| Untracked 
|  20|0x0000000081400000, 0x0000000081500000, 0x0000000081500000|100%| O|  |TAMS 0x0000000081500000, 0x0000000081400000| Untracked 
|  21|0x0000000081500000, 0x0000000081600000, 0x0000000081600000|100%| O|  |TAMS 0x0000000081600000, 0x0000000081500000| Untracked 
|  22|0x0000000081600000, 0x0000000081700000, 0x0000000081700000|100%| O|  |TAMS 0x0000000081700000, 0x0000000081600000| Untracked 
|  23|0x0000000081700000, 0x0000000081800000, 0x0000000081800000|100%| O|  |TAMS 0x0000000081800000, 0x0000000081700000| Untracked 
|  24|0x0000000081800000, 0x0000000081900000, 0x0000000081900000|100%| O|  |TAMS 0x0000000081900000, 0x0000000081800000| Untracked 
|  25|0x0000000081900000, 0x0000000081a00000, 0x0000000081a00000|100%| O|  |TAMS 0x0000000081a00000, 0x0000000081900000| Untracked 
|  26|0x0000000081a00000, 0x0000000081b00000, 0x0000000081b00000|100%| O|  |TAMS 0x0000000081b00000, 0x0000000081a00000| Untracked 
|  27|0x0000000081b00000, 0x0000000081c00000, 0x0000000081c00000|100%| O|  |TAMS 0x0000000081c00000, 0x0000000081b00000| Untracked 
|  28|0x0000000081c00000, 0x0000000081d00000, 0x0000000081d00000|100%| O|  |TAMS 0x0000000081d00000, 0x0000000081c00000| Untracked 
|  29|0x0000000081d00000, 0x0000000081e00000, 0x0000000081e00000|100%| O|  |TAMS 0x0000000081e00000, 0x0000000081d00000| Untracked 
|  30|0x0000000081e00000, 0x0000000081f00000, 0x0000000081f00000|100%| O|  |TAMS 0x0000000081f00000, 0x0000000081e00000| Untracked 
|  31|0x0000000081f00000, 0x0000000082000000, 0x0000000082000000|100%| O|  |TAMS 0x0000000082000000, 0x0000000081f00000| Untracked 
|  32|0x0000000082000000, 0x0000000082100000, 0x0000000082100000|100%| O|  |TAMS 0x0000000082100000, 0x0000000082000000| Untracked 
|  33|0x0000000082100000, 0x0000000082200000, 0x0000000082200000|100%| O|  |TAMS 0x0000000082200000, 0x0000000082100000| Untracked 
|  34|0x0000000082200000, 0x0000000082300000, 0x0000000082300000|100%| O|  |TAMS 0x0000000082300000, 0x0000000082200000| Untracked 
|  35|0x0000000082300000, 0x0000000082400000, 0x0000000082400000|100%|HS|  |TAMS 0x0000000082400000, 0x0000000082300000| Complete 
|  36|0x0000000082400000, 0x0000000082500000, 0x0000000082500000|100%|HC|  |TAMS 0x0000000082500000, 0x0000000082400000| Complete 
|  37|0x0000000082500000, 0x0000000082600000, 0x0000000082600000|100%| O|  |TAMS 0x0000000082600000, 0x0000000082500000| Untracked 
|  38|0x0000000082600000, 0x0000000082700000, 0x0000000082700000|100%|HS|  |TAMS 0x0000000082700000, 0x0000000082600000| Complete 
|  39|0x0000000082700000, 0x0000000082800000, 0x0000000082800000|100%|HC|  |TAMS 0x0000000082800000, 0x0000000082700000| Complete 
|  40|0x0000000082800000, 0x0000000082900000, 0x0000000082900000|100%|HC|  |TAMS 0x0000000082900000, 0x0000000082800000| Complete 
|  41|0x0000000082900000, 0x0000000082a00000, 0x0000000082a00000|100%|HC|  |TAMS 0x0000000082a00000, 0x0000000082900000| Complete 
|  42|0x0000000082a00000, 0x0000000082b00000, 0x0000000082b00000|100%| O|  |TAMS 0x0000000082b00000, 0x0000000082a00000| Untracked 
|  43|0x0000000082b00000, 0x0000000082c00000, 0x0000000082c00000|100%| O|  |TAMS 0x0000000082c00000, 0x0000000082b00000| Untracked 
|  44|0x0000000082c00000, 0x0000000082d00000, 0x0000000082d00000|100%| O|  |TAMS 0x0000000082d00000, 0x0000000082c00000| Untracked 
|  45|0x0000000082d00000, 0x0000000082e00000, 0x0000000082e00000|100%| O|  |TAMS 0x0000000082e00000, 0x0000000082d00000| Untracked 
|  46|0x0000000082e00000, 0x0000000082f00000, 0x0000000082f00000|100%| O|  |TAMS 0x0000000082f00000, 0x0000000082e00000| Untracked 
|  47|0x0000000082f00000, 0x0000000083000000, 0x0000000083000000|100%| O|  |TAMS 0x0000000083000000, 0x0000000082f00000| Untracked 
|  48|0x0000000083000000, 0x0000000083100000, 0x0000000083100000|100%| O|  |TAMS 0x0000000083100000, 0x0000000083000000| Untracked 
|  49|0x0000000083100000, 0x0000000083200000, 0x0000000083200000|100%| O|  |TAMS 0x000000008314d200, 0x0000000083100000| Untracked 
|  50|0x0000000083200000, 0x0000000083300000, 0x0000000083300000|100%| O|  |TAMS 0x0000000083200000, 0x0000000083200000| Untracked 
|  51|0x0000000083300000, 0x0000000083400000, 0x0000000083400000|100%| O|  |TAMS 0x0000000083300000, 0x0000000083300000| Untracked 
|  52|0x0000000083400000, 0x0000000083500000, 0x0000000083500000|100%| O|  |TAMS 0x0000000083400000, 0x0000000083400000| Untracked 
|  53|0x0000000083500000, 0x0000000083600000, 0x0000000083600000|100%| O|  |TAMS 0x0000000083500000, 0x0000000083500000| Untracked 
|  54|0x0000000083600000, 0x0000000083700000, 0x0000000083700000|100%| O|  |TAMS 0x0000000083600000, 0x0000000083600000| Untracked 
|  55|0x0000000083700000, 0x0000000083800000, 0x0000000083800000|100%| O|  |TAMS 0x0000000083700000, 0x0000000083700000| Untracked 
|  56|0x0000000083800000, 0x00000000838e1800, 0x0000000083900000| 88%| O|  |TAMS 0x0000000083800000, 0x0000000083800000| Untracked 
|  57|0x0000000083900000, 0x0000000083900000, 0x0000000083a00000|  0%| F|  |TAMS 0x0000000083900000, 0x0000000083900000| Untracked 
|  58|0x0000000083a00000, 0x0000000083a00000, 0x0000000083b00000|  0%| F|  |TAMS 0x0000000083a00000, 0x0000000083a00000| Untracked 
|  59|0x0000000083b00000, 0x0000000083b00000, 0x0000000083c00000|  0%| F|  |TAMS 0x0000000083b00000, 0x0000000083b00000| Untracked 
|  60|0x0000000083c00000, 0x0000000083c00000, 0x0000000083d00000|  0%| F|  |TAMS 0x0000000083c00000, 0x0000000083c00000| Untracked 
|  61|0x0000000083d00000, 0x0000000083d00000, 0x0000000083e00000|  0%| F|  |TAMS 0x0000000083d00000, 0x0000000083d00000| Untracked 
|  62|0x0000000083e00000, 0x0000000083e00000, 0x0000000083f00000|  0%| F|  |TAMS 0x0000000083e00000, 0x0000000083e00000| Untracked 
|  63|0x0000000083f00000, 0x0000000083f00000, 0x0000000084000000|  0%| F|  |TAMS 0x0000000083f00000, 0x0000000083f00000| Untracked 
|  64|0x0000000084000000, 0x0000000084000000, 0x0000000084100000|  0%| F|  |TAMS 0x0000000084000000, 0x0000000084000000| Untracked 
|  65|0x0000000084100000, 0x0000000084100000, 0x0000000084200000|  0%| F|  |TAMS 0x0000000084100000, 0x0000000084100000| Untracked 
|  66|0x0000000084200000, 0x0000000084200000, 0x0000000084300000|  0%| F|  |TAMS 0x0000000084200000, 0x0000000084200000| Untracked 
|  67|0x0000000084300000, 0x0000000084300000, 0x0000000084400000|  0%| F|  |TAMS 0x0000000084300000, 0x0000000084300000| Untracked 
|  68|0x0000000084400000, 0x0000000084400000, 0x0000000084500000|  0%| F|  |TAMS 0x0000000084400000, 0x0000000084400000| Untracked 
|  69|0x0000000084500000, 0x0000000084500000, 0x0000000084600000|  0%| F|  |TAMS 0x0000000084500000, 0x0000000084500000| Untracked 
|  70|0x0000000084600000, 0x0000000084600000, 0x0000000084700000|  0%| F|  |TAMS 0x0000000084600000, 0x0000000084600000| Untracked 
|  71|0x0000000084700000, 0x0000000084700000, 0x0000000084800000|  0%| F|  |TAMS 0x0000000084700000, 0x0000000084700000| Untracked 
|  72|0x0000000084800000, 0x0000000084800000, 0x0000000084900000|  0%| F|  |TAMS 0x0000000084800000, 0x0000000084800000| Untracked 
|  73|0x0000000084900000, 0x0000000084900000, 0x0000000084a00000|  0%| F|  |TAMS 0x0000000084900000, 0x0000000084900000| Untracked 
|  74|0x0000000084a00000, 0x0000000084a00000, 0x0000000084b00000|  0%| F|  |TAMS 0x0000000084a00000, 0x0000000084a00000| Untracked 
|  75|0x0000000084b00000, 0x0000000084b00000, 0x0000000084c00000|  0%| F|  |TAMS 0x0000000084b00000, 0x0000000084b00000| Untracked 
|  76|0x0000000084c00000, 0x0000000084c00000, 0x0000000084d00000|  0%| F|  |TAMS 0x0000000084c00000, 0x0000000084c00000| Untracked 
|  77|0x0000000084d00000, 0x0000000084d00000, 0x0000000084e00000|  0%| F|  |TAMS 0x0000000084d00000, 0x0000000084d00000| Untracked 
|  78|0x0000000084e00000, 0x0000000084e00000, 0x0000000084f00000|  0%| F|  |TAMS 0x0000000084e00000, 0x0000000084e00000| Untracked 
|  79|0x0000000084f00000, 0x0000000084f00000, 0x0000000085000000|  0%| F|  |TAMS 0x0000000084f00000, 0x0000000084f00000| Untracked 
|  80|0x0000000085000000, 0x0000000085000000, 0x0000000085100000|  0%| F|  |TAMS 0x0000000085000000, 0x0000000085000000| Untracked 
|  81|0x0000000085100000, 0x0000000085100000, 0x0000000085200000|  0%| F|  |TAMS 0x0000000085100000, 0x0000000085100000| Untracked 
|  82|0x0000000085200000, 0x0000000085200000, 0x0000000085300000|  0%| F|  |TAMS 0x0000000085200000, 0x0000000085200000| Untracked 
|  83|0x0000000085300000, 0x0000000085300000, 0x0000000085400000|  0%| F|  |TAMS 0x0000000085300000, 0x0000000085300000| Untracked 
|  84|0x0000000085400000, 0x0000000085479180, 0x0000000085500000| 47%| E|  |TAMS 0x0000000085400000, 0x0000000085400000| Complete 
|  85|0x0000000085500000, 0x0000000085600000, 0x0000000085600000|100%| E|CS|TAMS 0x0000000085500000, 0x0000000085500000| Complete 
|  86|0x0000000085600000, 0x0000000085700000, 0x0000000085700000|100%| E|CS|TAMS 0x0000000085600000, 0x0000000085600000| Complete 
|  87|0x0000000085700000, 0x0000000085800000, 0x0000000085800000|100%| E|CS|TAMS 0x0000000085700000, 0x0000000085700000| Complete 
|  88|0x0000000085800000, 0x0000000085900000, 0x0000000085900000|100%| E|CS|TAMS 0x0000000085800000, 0x0000000085800000| Complete 
| 135|0x0000000088700000, 0x0000000088800000, 0x0000000088800000|100%| E|CS|TAMS 0x0000000088700000, 0x0000000088700000| Complete 
| 136|0x0000000088800000, 0x0000000088900000, 0x0000000088900000|100%| E|CS|TAMS 0x0000000088800000, 0x0000000088800000| Complete 
| 137|0x0000000088900000, 0x0000000088a00000, 0x0000000088a00000|100%| E|CS|TAMS 0x0000000088900000, 0x0000000088900000| Complete 
| 138|0x0000000088a00000, 0x0000000088b00000, 0x0000000088b00000|100%| E|CS|TAMS 0x0000000088a00000, 0x0000000088a00000| Complete 
| 139|0x0000000088b00000, 0x0000000088c00000, 0x0000000088c00000|100%| E|CS|TAMS 0x0000000088b00000, 0x0000000088b00000| Complete 
| 140|0x0000000088c00000, 0x0000000088d00000, 0x0000000088d00000|100%| E|CS|TAMS 0x0000000088c00000, 0x0000000088c00000| Complete 
| 141|0x0000000088d00000, 0x0000000088e00000, 0x0000000088e00000|100%| E|CS|TAMS 0x0000000088d00000, 0x0000000088d00000| Complete 
| 142|0x0000000088e00000, 0x0000000088f00000, 0x0000000088f00000|100%| E|CS|TAMS 0x0000000088e00000, 0x0000000088e00000| Complete 
| 143|0x0000000088f00000, 0x0000000089000000, 0x0000000089000000|100%| E|CS|TAMS 0x0000000088f00000, 0x0000000088f00000| Complete 
| 144|0x0000000089000000, 0x0000000089082340, 0x0000000089100000| 50%| S|CS|TAMS 0x0000000089000000, 0x0000000089000000| Complete 
| 145|0x0000000089100000, 0x0000000089200000, 0x0000000089200000|100%| E|CS|TAMS 0x0000000089100000, 0x0000000089100000| Complete 
| 146|0x0000000089200000, 0x0000000089300000, 0x0000000089300000|100%| E|CS|TAMS 0x0000000089200000, 0x0000000089200000| Complete 
| 251|0x000000008fb00000, 0x000000008fc00000, 0x000000008fc00000|100%| E|CS|TAMS 0x000000008fb00000, 0x000000008fb00000| Complete 

Card table byte_map: [0x0000027e29d50000,0x0000027e2a150000] _byte_map_base: 0x0000027e29950000

Marking Bits (Prev, Next): (CMBitMap*) 0x0000027e10c5be90, (CMBitMap*) 0x0000027e10c5bed0
 Prev Bits: [0x0000027e2a550000, 0x0000027e2c550000)
 Next Bits: [0x0000027e2c550000, 0x0000027e2e550000)

Polling page: 0x0000027e10cb0000

Metaspace:

Usage:
  Non-class:     49.17 MB used.
      Class:      7.99 MB used.
       Both:     57.16 MB used.

Virtual space:
  Non-class space:       64.00 MB reserved,      49.50 MB ( 77%) committed,  1 nodes.
      Class space:      416.00 MB reserved,       8.25 MB (  2%) committed,  1 nodes.
             Both:      480.00 MB reserved,      57.75 MB ( 12%) committed. 

Chunk freelists:
   Non-Class:  13.84 MB
       Class:  7.69 MB
        Both:  21.53 MB

MaxMetaspaceSize: 512.00 MB
CompressedClassSpaceSize: 416.00 MB
Initial GC threshold: 21.00 MB
Current GC threshold: 92.44 MB
CDS: on
MetaspaceReclaimPolicy: balanced
 - commit_granule_bytes: 65536.
 - commit_granule_words: 8192.
 - virtual_space_node_default_size: 8388608.
 - enlarge_chunks_in_place: 1.
 - new_chunks_are_fully_committed: 0.
 - uncommit_free_chunks: 1.
 - use_allocation_guard: 0.
 - handle_deallocations: 1.


Internal statistics:

num_allocs_failed_limit: 6.
num_arena_births: 706.
num_arena_deaths: 0.
num_vsnodes_births: 2.
num_vsnodes_deaths: 0.
num_space_committed: 924.
num_space_uncommitted: 0.
num_chunks_returned_to_freelist: 6.
num_chunks_taken_from_freelist: 3048.
num_chunk_merges: 6.
num_chunk_splits: 2050.
num_chunks_enlarged: 1375.
num_inconsistent_stats: 0.

CodeHeap 'non-profiled nmethods': size=120000Kb used=3711Kb max_used=3711Kb free=116288Kb
 bounds [0x0000027e219c0000, 0x0000027e21d60000, 0x0000027e28ef0000]
CodeHeap 'profiled nmethods': size=120000Kb used=12478Kb max_used=12478Kb free=107521Kb
 bounds [0x0000027e19ef0000, 0x0000027e1ab30000, 0x0000027e21420000]
CodeHeap 'non-nmethods': size=5760Kb used=2363Kb max_used=2409Kb free=3396Kb
 bounds [0x0000027e21420000, 0x0000027e21690000, 0x0000027e219c0000]
 total_blobs=7287 nmethods=6411 adapters=788
 compilation: enabled
              stopped_count=0, restarted_count=0
 full_count=0

Compilation events (20 events):
Event: 10.907 Thread 0x0000027e3116a8f0 nmethod 7192 0x0000027e1ab1c710 code [0x0000027e1ab1c8c0, 0x0000027e1ab1cb48]
Event: 10.907 Thread 0x0000027e3116a8f0 7193       3       java.lang.invoke.LambdaForm$MH/0x0000027e3326cc00::linkToTargetMethod (17 bytes)
Event: 10.908 Thread 0x0000027e3116a8f0 nmethod 7193 0x0000027e1ab1cc90 code [0x0000027e1ab1ce40, 0x0000027e1ab1d118]
Event: 10.908 Thread 0x0000027e3116a8f0 7194       3       java.lang.invoke.LambdaForm$DMH/0x0000027e3326c800::newInvokeSpecial (34 bytes)
Event: 10.909 Thread 0x0000027e3116a8f0 nmethod 7194 0x0000027e1ab1d210 code [0x0000027e1ab1d400, 0x0000027e1ab1d9e8]
Event: 10.909 Thread 0x0000027e3116a8f0 7195       1       org.gradle.api.internal.artifacts.ivyservice.resolveengine.excludes.simple.DefaultExcludeNothing::excludesArtifact (2 bytes)
Event: 10.909 Thread 0x0000027e3116a8f0 nmethod 7195 0x0000027e21d5f090 code [0x0000027e21d5f220, 0x0000027e21d5f2f8]
Event: 10.909 Thread 0x0000027e3116a8f0 7196       1       org.gradle.api.internal.artifacts.ivyservice.resolveengine.excludes.simple.DefaultExcludeNothing::mayExcludeArtifacts (2 bytes)
Event: 10.909 Thread 0x0000027e3116a8f0 nmethod 7196 0x0000027e21d5f390 code [0x0000027e21d5f520, 0x0000027e21d5f5f8]
Event: 10.911 Thread 0x0000027e3116a8f0 7198       1       org.gradle.internal.component.model.DefaultCompatibilityCheckResult::getConsumerValue (5 bytes)
Event: 10.911 Thread 0x0000027e3116a8f0 nmethod 7198 0x0000027e21d5f690 code [0x0000027e21d5f820, 0x0000027e21d5f8f8]
Event: 10.911 Thread 0x0000027e3116a8f0 7199       3       org.gradle.internal.resolve.result.DefaultBuildableTypedResolveResult::hasResult (20 bytes)
Event: 10.911 Thread 0x0000027e3116a8f0 nmethod 7199 0x0000027e1ab1dc10 code [0x0000027e1ab1dda0, 0x0000027e1ab1df58]
Event: 10.911 Thread 0x0000027e3116a8f0 7200       3       org.gradle.api.internal.AbstractTaskDependencyContainerVisitingContext::add (47 bytes)
Event: 10.912 Thread 0x0000027e3116a8f0 nmethod 7200 0x0000027e1ab1e010 code [0x0000027e1ab1e200, 0x0000027e1ab1e888]
Event: 10.912 Thread 0x0000027e3116a8f0 7202       3       sun.reflect.annotation.AnnotationInvocationHandler::memberValueHashCode (137 bytes)
Event: 10.913 Thread 0x0000027e3116a8f0 nmethod 7202 0x0000027e1ab1ea10 code [0x0000027e1ab1ed00, 0x0000027e1ab1fd48]
Event: 10.913 Thread 0x0000027e3116a8f0 7201       3       org.gradle.internal.reflect.annotations.impl.DefaultTypeAnnotationMetadataStore$PropertyAnnotationMetadataBuilder$$Lambda$916/0x0000027e336f5cb0::apply (13 bytes)
Event: 10.914 Thread 0x0000027e3116a8f0 nmethod 7201 0x0000027e1ab20010 code [0x0000027e1ab201c0, 0x0000027e1ab205c8]
Event: 10.914 Thread 0x0000027e3116a8f0 7203       3       org.gradle.internal.reflect.annotations.impl.DefaultTypeAnnotationMetadataStore$PropertyAnnotationMetadataBuilder::inheritAnnotations (35 bytes)

GC Heap History (20 events):
Event: 6.920 GC heap before
{Heap before GC invocations=10 (full 0):
 garbage-first heap   total 81920K, used 61756K [0x0000000080000000, 0x0000000100000000)
  region size 1024K, 30 young (30720K), 3 survivors (3072K)
 Metaspace       used 41950K, committed 42432K, reserved 491520K
  class space    used 5863K, committed 6080K, reserved 425984K
}
Event: 6.924 GC heap after
{Heap after GC invocations=11 (full 0):
 garbage-first heap   total 81920K, used 37069K [0x0000000080000000, 0x0000000100000000)
  region size 1024K, 4 young (4096K), 4 survivors (4096K)
 Metaspace       used 41950K, committed 42432K, reserved 491520K
  class space    used 5863K, committed 6080K, reserved 425984K
}
Event: 7.059 GC heap before
{Heap before GC invocations=11 (full 0):
 garbage-first heap   total 81920K, used 43213K [0x0000000080000000, 0x0000000100000000)
  region size 1024K, 9 young (9216K), 4 survivors (4096K)
 Metaspace       used 42116K, committed 42624K, reserved 491520K
  class space    used 5880K, committed 6080K, reserved 425984K
}
Event: 7.065 GC heap after
{Heap after GC invocations=12 (full 0):
 garbage-first heap   total 81920K, used 40331K [0x0000000080000000, 0x0000000100000000)
  region size 1024K, 4 young (4096K), 4 survivors (4096K)
 Metaspace       used 42116K, committed 42624K, reserved 491520K
  class space    used 5880K, committed 6080K, reserved 425984K
}
Event: 7.483 GC heap before
{Heap before GC invocations=13 (full 0):
 garbage-first heap   total 81920K, used 61835K [0x0000000080000000, 0x0000000100000000)
  region size 1024K, 22 young (22528K), 4 survivors (4096K)
 Metaspace       used 44981K, committed 45504K, reserved 491520K
  class space    used 6243K, committed 6464K, reserved 425984K
}
Event: 7.488 GC heap after
{Heap after GC invocations=14 (full 0):
 garbage-first heap   total 81920K, used 46781K [0x0000000080000000, 0x0000000100000000)
  region size 1024K, 3 young (3072K), 3 survivors (3072K)
 Metaspace       used 44981K, committed 45504K, reserved 491520K
  class space    used 6243K, committed 6464K, reserved 425984K
}
Event: 7.802 GC heap before
{Heap before GC invocations=14 (full 0):
 garbage-first heap   total 81920K, used 63165K [0x0000000080000000, 0x0000000100000000)
  region size 1024K, 19 young (19456K), 3 survivors (3072K)
 Metaspace       used 46845K, committed 47488K, reserved 491520K
  class space    used 6549K, committed 6848K, reserved 425984K
}
Event: 7.807 GC heap after
{Heap after GC invocations=15 (full 0):
 garbage-first heap   total 98304K, used 47796K [0x0000000080000000, 0x0000000100000000)
  region size 1024K, 1 young (1024K), 1 survivors (1024K)
 Metaspace       used 46845K, committed 47488K, reserved 491520K
  class space    used 6549K, committed 6848K, reserved 425984K
}
Event: 8.335 GC heap before
{Heap before GC invocations=16 (full 0):
 garbage-first heap   total 98304K, used 71348K [0x0000000080000000, 0x0000000100000000)
  region size 1024K, 24 young (24576K), 1 survivors (1024K)
 Metaspace       used 49373K, committed 49984K, reserved 491520K
  class space    used 6912K, committed 7232K, reserved 425984K
}
Event: 8.340 GC heap after
{Heap after GC invocations=17 (full 0):
 garbage-first heap   total 98304K, used 49007K [0x0000000080000000, 0x0000000100000000)
  region size 1024K, 3 young (3072K), 3 survivors (3072K)
 Metaspace       used 49373K, committed 49984K, reserved 491520K
  class space    used 6912K, committed 7232K, reserved 425984K
}
Event: 8.741 GC heap before
{Heap before GC invocations=17 (full 0):
 garbage-first heap   total 98304K, used 72559K [0x0000000080000000, 0x0000000100000000)
  region size 1024K, 26 young (26624K), 3 survivors (3072K)
 Metaspace       used 52289K, committed 52928K, reserved 491520K
  class space    used 7302K, committed 7616K, reserved 425984K
}
Event: 8.746 GC heap after
{Heap after GC invocations=18 (full 0):
 garbage-first heap   total 98304K, used 50672K [0x0000000080000000, 0x0000000100000000)
  region size 1024K, 4 young (4096K), 4 survivors (4096K)
 Metaspace       used 52289K, committed 52928K, reserved 491520K
  class space    used 7302K, committed 7616K, reserved 425984K
}
Event: 9.153 GC heap before
{Heap before GC invocations=19 (full 0):
 garbage-first heap   total 98304K, used 74224K [0x0000000080000000, 0x0000000100000000)
  region size 1024K, 28 young (28672K), 4 survivors (4096K)
 Metaspace       used 54007K, committed 54656K, reserved 491520K
  class space    used 7516K, committed 7808K, reserved 425984K
}
Event: 9.163 GC heap after
{Heap after GC invocations=20 (full 0):
 garbage-first heap   total 98304K, used 53743K [0x0000000080000000, 0x0000000100000000)
  region size 1024K, 4 young (4096K), 4 survivors (4096K)
 Metaspace       used 54007K, committed 54656K, reserved 491520K
  class space    used 7516K, committed 7808K, reserved 425984K
}
Event: 9.726 GC heap before
{Heap before GC invocations=20 (full 0):
 garbage-first heap   total 98304K, used 76271K [0x0000000080000000, 0x0000000100000000)
  region size 1024K, 26 young (26624K), 4 survivors (4096K)
 Metaspace       used 56067K, committed 56704K, reserved 491520K
  class space    used 7813K, committed 8128K, reserved 425984K
}
Event: 9.734 GC heap after
{Heap after GC invocations=21 (full 0):
 garbage-first heap   total 98304K, used 55869K [0x0000000080000000, 0x0000000100000000)
  region size 1024K, 2 young (2048K), 2 survivors (2048K)
 Metaspace       used 56067K, committed 56704K, reserved 491520K
  class space    used 7813K, committed 8128K, reserved 425984K
}
Event: 10.207 GC heap before
{Heap before GC invocations=22 (full 0):
 garbage-first heap   total 104448K, used 77373K [0x0000000080000000, 0x0000000100000000)
  region size 1024K, 23 young (23552K), 2 survivors (2048K)
 Metaspace       used 57431K, committed 58048K, reserved 491520K
  class space    used 8046K, committed 8320K, reserved 425984K
}
Event: 10.214 GC heap after
{Heap after GC invocations=23 (full 0):
 garbage-first heap   total 104448K, used 57307K [0x0000000080000000, 0x0000000100000000)
  region size 1024K, 2 young (2048K), 2 survivors (2048K)
 Metaspace       used 57431K, committed 58048K, reserved 491520K
  class space    used 8046K, committed 8320K, reserved 425984K
}
Event: 10.370 GC heap before
{Heap before GC invocations=23 (full 0):
 garbage-first heap   total 104448K, used 60379K [0x0000000080000000, 0x0000000100000000)
  region size 1024K, 5 young (5120K), 2 survivors (2048K)
 Metaspace       used 57587K, committed 58240K, reserved 491520K
  class space    used 8064K, committed 8384K, reserved 425984K
}
Event: 10.375 GC heap after
{Heap after GC invocations=24 (full 0):
 garbage-first heap   total 104448K, used 57742K [0x0000000080000000, 0x0000000100000000)
  region size 1024K, 1 young (1024K), 1 survivors (1024K)
 Metaspace       used 57587K, committed 58240K, reserved 491520K
  class space    used 8064K, committed 8384K, reserved 425984K
}

Dll operation events (12 events):
Event: 0.006 Loaded shared library C:\Program Files\Microsoft\jdk-17.0.8.7-hotspot\bin\java.dll
Event: 0.022 Loaded shared library C:\Program Files\Microsoft\jdk-17.0.8.7-hotspot\bin\jsvml.dll
Event: 0.052 Loaded shared library C:\Program Files\Microsoft\jdk-17.0.8.7-hotspot\bin\net.dll
Event: 0.054 Loaded shared library C:\Program Files\Microsoft\jdk-17.0.8.7-hotspot\bin\nio.dll
Event: 0.057 Loaded shared library C:\Program Files\Microsoft\jdk-17.0.8.7-hotspot\bin\zip.dll
Event: 0.181 Loaded shared library C:\Program Files\Microsoft\jdk-17.0.8.7-hotspot\bin\jimage.dll
Event: 0.233 Loaded shared library C:\Program Files\Microsoft\jdk-17.0.8.7-hotspot\bin\verify.dll
Event: 0.350 Loaded shared library C:\Users\raimu\.gradle\native\68d5fa5c4cc2d200863cafc0d521ce42e7d3e7ee720ec0a83991735586a16f82\windows-amd64\native-platform.dll
Event: 0.354 Loaded shared library C:\Users\raimu\.gradle\native\e376f236ea51e6404a007f0833ffe2c6e607c4080706a723a18a27aeea778392\windows-amd64\native-platform-file-events.dll
Event: 1.014 Loaded shared library C:\Program Files\Microsoft\jdk-17.0.8.7-hotspot\bin\management.dll
Event: 1.016 Loaded shared library C:\Program Files\Microsoft\jdk-17.0.8.7-hotspot\bin\management_ext.dll
Event: 1.301 Loaded shared library C:\Program Files\Microsoft\jdk-17.0.8.7-hotspot\bin\sunmscapi.dll

Deoptimization events (20 events):
Event: 10.102 Thread 0x0000027e52700210 DEOPT PACKING pc=0x0000027e21a08f84 sp=0x000000de816f5960
Event: 10.102 Thread 0x0000027e52700210 DEOPT UNPACKING pc=0x0000027e2147a1a3 sp=0x000000de816f58e0 mode 2
Event: 10.102 Thread 0x0000027e52700210 Uncommon trap: trap_request=0xffffff45 fr.pc=0x0000027e21b0a7b0 relative=0x0000000000001bb0
Event: 10.102 Thread 0x0000027e52700210 Uncommon trap: reason=unstable_if action=reinterpret pc=0x0000027e21b0a7b0 method=org.objectweb.asm.Type.getArgumentsAndReturnSizes(Ljava/lang/String;)I @ 117 c2
Event: 10.102 Thread 0x0000027e52700210 DEOPT PACKING pc=0x0000027e21b0a7b0 sp=0x000000de816f56d0
Event: 10.102 Thread 0x0000027e52700210 DEOPT UNPACKING pc=0x0000027e2147a1a3 sp=0x000000de816f5588 mode 2
Event: 10.102 Thread 0x0000027e52700210 Uncommon trap: trap_request=0xffffff45 fr.pc=0x0000027e21a468d0 relative=0x0000000000000750
Event: 10.102 Thread 0x0000027e52700210 Uncommon trap: reason=unstable_if action=reinterpret pc=0x0000027e21a468d0 method=org.objectweb.asm.Frame.getAbstractTypeFromDescriptor(Lorg/objectweb/asm/SymbolTable;Ljava/lang/String;I)I @ 5 c2
Event: 10.102 Thread 0x0000027e52700210 DEOPT PACKING pc=0x0000027e21a468d0 sp=0x000000de816f55a0
Event: 10.102 Thread 0x0000027e52700210 DEOPT UNPACKING pc=0x0000027e2147a1a3 sp=0x000000de816f5560 mode 2
Event: 10.102 Thread 0x0000027e52700210 Uncommon trap: trap_request=0xffffff45 fr.pc=0x0000027e21ac431c relative=0x000000000000077c
Event: 10.102 Thread 0x0000027e52700210 Uncommon trap: reason=unstable_if action=reinterpret pc=0x0000027e21ac431c method=org.objectweb.asm.Frame.push(Lorg/objectweb/asm/SymbolTable;Ljava/lang/String;)V @ 42 c2
Event: 10.102 Thread 0x0000027e52700210 DEOPT PACKING pc=0x0000027e21ac431c sp=0x000000de816f5620
Event: 10.102 Thread 0x0000027e52700210 DEOPT UNPACKING pc=0x0000027e2147a1a3 sp=0x000000de816f55f8 mode 2
Event: 10.403 Thread 0x0000027e52700210 DEOPT PACKING pc=0x0000027e1a73ae43 sp=0x000000de816f7870
Event: 10.403 Thread 0x0000027e52700210 DEOPT UNPACKING pc=0x0000027e2147ace3 sp=0x000000de816f6cf8 mode 0
Event: 10.668 Thread 0x0000027e52700210 Uncommon trap: trap_request=0xffffffc6 fr.pc=0x0000027e21d3a858 relative=0x0000000000000198
Event: 10.668 Thread 0x0000027e52700210 Uncommon trap: reason=bimorphic_or_optimized_type_check action=maybe_recompile pc=0x0000027e21d3a858 method=com.google.common.collect.ImmutableList.copyOf(Ljava/util/Collection;)Lcom/google/common/collect/ImmutableList; @ 16 c2
Event: 10.668 Thread 0x0000027e52700210 DEOPT PACKING pc=0x0000027e21d3a858 sp=0x000000de816f91b0
Event: 10.668 Thread 0x0000027e52700210 DEOPT UNPACKING pc=0x0000027e2147a1a3 sp=0x000000de816f9158 mode 2

Classes unloaded (0 events):
No events

Classes redefined (0 events):
No events

Internal exceptions (20 events):
Event: 9.705 Thread 0x0000027e52700210 Exception <a 'java/lang/ClassNotFoundException'{0x0000000084c00250}: org/gradle/api/internal/initialization/DefaultScriptHandlerBeanInfo> (0x0000000084c00250) 
thrown [s\src\hotspot\share\classfile\systemDictionary.cpp, line 256]
Event: 9.706 Thread 0x0000027e52700210 Exception <a 'java/lang/ClassNotFoundException'{0x0000000084c11e18}: org/gradle/api/internal/initialization/DefaultScriptHandlerCustomizer> (0x0000000084c11e18) 
thrown [s\src\hotspot\share\classfile\systemDictionary.cpp, line 256]
Event: 9.739 Thread 0x0000027e52700210 Exception <a 'java/lang/ClassNotFoundException'{0x0000000089224018}: org/gradle/api/internal/artifacts/dsl/DefaultRepositoryHandler_DecoratedBeanInfo> (0x0000000089224018) 
thrown [s\src\hotspot\share\classfile\systemDictionary.cpp, line 256]
Event: 9.740 Thread 0x0000027e52700210 Exception <a 'java/lang/ClassNotFoundException'{0x000000008923c1f8}: org/gradle/api/internal/artifacts/dsl/DefaultRepositoryHandlerBeanInfo> (0x000000008923c1f8) 
thrown [s\src\hotspot\share\classfile\systemDictionary.cpp, line 256]
Event: 9.742 Thread 0x0000027e52700210 Exception <a 'java/lang/ClassNotFoundException'{0x0000000089254bc8}: org/gradle/api/internal/artifacts/DefaultArtifactRepositoryContainerBeanInfo> (0x0000000089254bc8) 
thrown [s\src\hotspot\share\classfile\systemDictionary.cpp, line 256]
Event: 9.743 Thread 0x0000027e52700210 Exception <a 'java/lang/ClassNotFoundException'{0x00000000892699f0}: org/gradle/api/internal/DefaultNamedDomainObjectListBeanInfo> (0x00000000892699f0) 
thrown [s\src\hotspot\share\classfile\systemDictionary.cpp, line 256]
Event: 9.745 Thread 0x0000027e52700210 Exception <a 'java/lang/ClassNotFoundException'{0x000000008927ea10}: org/gradle/api/internal/DefaultNamedDomainObjectCollectionBeanInfo> (0x000000008927ea10) 
thrown [s\src\hotspot\share\classfile\systemDictionary.cpp, line 256]
Event: 9.746 Thread 0x0000027e52700210 Exception <a 'java/lang/ClassNotFoundException'{0x0000000089293870}: org/gradle/api/internal/DefaultDomainObjectCollectionBeanInfo> (0x0000000089293870) 
thrown [s\src\hotspot\share\classfile\systemDictionary.cpp, line 256]
Event: 9.747 Thread 0x0000027e52700210 Exception <a 'java/lang/ClassNotFoundException'{0x00000000892a8808}: org/gradle/api/internal/DefaultDomainObjectCollectionCustomizer> (0x00000000892a8808) 
thrown [s\src\hotspot\share\classfile\systemDictionary.cpp, line 256]
Event: 9.752 Thread 0x0000027e52700210 Exception <a 'java/lang/ClassNotFoundException'{0x00000000892dde08}: org/gradle/api/internal/DefaultNamedDomainObjectCollectionCustomizer> (0x00000000892dde08) 
thrown [s\src\hotspot\share\classfile\systemDictionary.cpp, line 256]
Event: 9.755 Thread 0x0000027e52700210 Exception <a 'java/lang/ClassNotFoundException'{0x000000008911aa30}: org/gradle/api/internal/DefaultNamedDomainObjectListCustomizer> (0x000000008911aa30) 
thrown [s\src\hotspot\share\classfile\systemDictionary.cpp, line 256]
Event: 9.762 Thread 0x0000027e52700210 Exception <a 'java/lang/ClassNotFoundException'{0x000000008914df00}: org/gradle/api/internal/artifacts/DefaultArtifactRepositoryContainerCustomizer> (0x000000008914df00) 
thrown [s\src\hotspot\share\classfile\systemDictionary.cpp, line 256]
Event: 9.765 Thread 0x0000027e52700210 Exception <a 'java/lang/ClassNotFoundException'{0x0000000089178658}: org/gradle/api/internal/artifacts/dsl/DefaultRepositoryHandlerCustomizer> (0x0000000089178658) 
thrown [s\src\hotspot\share\classfile\systemDictionary.cpp, line 256]
Event: 9.767 Thread 0x0000027e52700210 Exception <a 'java/lang/ClassNotFoundException'{0x00000000891b02b8}: org/gradle/api/internal/artifacts/dsl/DefaultRepositoryHandler_DecoratedCustomizer> (0x00000000891b02b8) 
thrown [s\src\hotspot\share\classfile\systemDictionary.cpp, line 256]
Event: 9.781 Thread 0x0000027e52700210 Exception <a 'java/lang/ClassNotFoundException'{0x0000000089042fd0}: org/gradle/api/internal/artifacts/dsl/dependencies/DefaultDependencyHandler_DecoratedBeanInfo> (0x0000000089042fd0) 
thrown [s\src\hotspot\share\classfile\systemDictionary.cpp, line 256]
Event: 9.782 Thread 0x0000027e52700210 Exception <a 'java/lang/ClassNotFoundException'{0x000000008905ae98}: org/gradle/api/internal/artifacts/dsl/dependencies/DefaultDependencyHandlerBeanInfo> (0x000000008905ae98) 
thrown [s\src\hotspot\share\classfile\systemDictionary.cpp, line 256]
Event: 9.784 Thread 0x0000027e52700210 Exception <a 'java/lang/ClassNotFoundException'{0x0000000089072a38}: org/gradle/api/internal/artifacts/dsl/dependencies/DefaultDependencyHandlerCustomizer> (0x0000000089072a38) 
thrown [s\src\hotspot\share\classfile\systemDictionary.cpp, line 256]
Event: 9.786 Thread 0x0000027e52700210 Exception <a 'java/lang/ClassNotFoundException'{0x00000000890b1678}: org/gradle/api/internal/artifacts/dsl/dependencies/DefaultDependencyHandler_DecoratedCustomizer> (0x00000000890b1678) 
thrown [s\src\hotspot\share\classfile\systemDictionary.cpp, line 256]
Event: 10.651 Thread 0x0000027e52700210 Exception <a 'java/lang/NoSuchMethodError'{0x0000000088ed2488}: 'java.lang.Object java.lang.invoke.DirectMethodHandle$Holder.newInvokeSpecial(java.lang.Object, java.lang.Object, java.lang.Object, java.lang.Object, java.lang.Object, java.lang.Object, java.lang.Object, java.lang.Object, java.lang.Object)'> (0x0000000088ed2488) 
thrown [s\src\hotspot\share\interpreter\linkResolver.cpp, line 759]
Event: 10.652 Thread 0x0000027e52700210 Exception <a 'java/lang/NoSuchMethodError'{0x0000000088ed8128}: 'java.lang.Object java.lang.invoke.Invokers$Holder.linkToTargetMethod(java.lang.Object, java.lang.Object, java.lang.Object, java.lang.Object, java.lang.Object, java.lang.Object, java.lang.Object, java.lang.Object, java.lang.Object)'> (0x0000000088ed8128) 
thrown [s\src\hotspot\share\interpreter\linkResolver.cpp, line 759]

VM Operations (20 events):
Event: 8.814 Executing VM operation: G1PauseCleanup
Event: 8.815 Executing VM operation: G1PauseCleanup done
Event: 9.152 Executing VM operation: G1CollectForAllocation
Event: 9.163 Executing VM operation: G1CollectForAllocation done
Event: 9.473 Executing VM operation: HandshakeAllThreads
Event: 9.473 Executing VM operation: HandshakeAllThreads done
Event: 9.726 Executing VM operation: G1CollectForAllocation
Event: 9.735 Executing VM operation: G1CollectForAllocation done
Event: 9.806 Executing VM operation: G1PauseRemark
Event: 9.810 Executing VM operation: G1PauseRemark done
Event: 9.851 Executing VM operation: G1PauseCleanup
Event: 9.852 Executing VM operation: G1PauseCleanup done
Event: 10.207 Executing VM operation: G1CollectForAllocation
Event: 10.214 Executing VM operation: G1CollectForAllocation done
Event: 10.253 Executing VM operation: HandshakeAllThreads
Event: 10.253 Executing VM operation: HandshakeAllThreads done
Event: 10.369 Executing VM operation: G1CollectForAllocation
Event: 10.375 Executing VM operation: G1CollectForAllocation done
Event: 10.764 Executing VM operation: ICBufferFull
Event: 10.765 Executing VM operation: ICBufferFull done

Events (20 events):
Event: 7.719 loading class java/lang/Byte$ByteCache
Event: 7.720 loading class java/lang/Byte$ByteCache done
Event: 7.750 loading class java/util/regex/Pattern$SliceI
Event: 7.750 loading class java/util/regex/Pattern$SliceI done
Event: 8.689 Thread 0x0000027e53327820 Thread exited: 0x0000027e53327820
Event: 8.858 Thread 0x0000027e529f50c0 Thread exited: 0x0000027e529f50c0
Event: 8.861 loading class java/util/ArrayList$SubList$1
Event: 8.861 loading class java/util/ArrayList$SubList$1 done
Event: 9.084 Thread 0x0000027e53327820 Thread added: 0x0000027e53327820
Event: 9.202 loading class jdk/internal/loader/URLClassPath$FileLoader
Event: 9.203 loading class jdk/internal/loader/URLClassPath$FileLoader done
Event: 9.204 loading class jdk/internal/loader/URLClassPath$FileLoader$1
Event: 9.204 loading class jdk/internal/loader/URLClassPath$FileLoader$1 done
Event: 9.621 loading class java/lang/AbstractMethodError
Event: 9.621 loading class java/lang/AbstractMethodError done
Event: 9.640 loading class java/nio/channels/Channels
Event: 9.641 loading class java/nio/channels/Channels done
Event: 9.641 loading class java/nio/channels/Channels$1
Event: 9.641 loading class java/nio/channels/Channels$1 done
Event: 9.800 Thread 0x0000027e52212860 Thread added: 0x0000027e52212860


Dynamic libraries:
0x00007ff609d80000 - 0x00007ff609d8e000 	C:\Program Files\Microsoft\jdk-17.0.8.7-hotspot\bin\java.exe
0x00007fff429f0000 - 0x00007fff42c07000 	C:\WINDOWS\SYSTEM32\ntdll.dll
0x00007fff41020000 - 0x00007fff410e4000 	C:\WINDOWS\System32\KERNEL32.DLL
0x00007fff3ff70000 - 0x00007fff40316000 	C:\WINDOWS\System32\KERNELBASE.dll
0x00007fff40500000 - 0x00007fff40611000 	C:\WINDOWS\System32\ucrtbase.dll
0x00007fff37bd0000 - 0x00007fff37beb000 	C:\Program Files\Microsoft\jdk-17.0.8.7-hotspot\bin\VCRUNTIME140.dll
0x00007fff37bf0000 - 0x00007fff37c07000 	C:\Program Files\Microsoft\jdk-17.0.8.7-hotspot\bin\jli.dll
0x00007fff40e40000 - 0x00007fff40fee000 	C:\WINDOWS\System32\USER32.dll
0x00007fff40460000 - 0x00007fff40486000 	C:\WINDOWS\System32\win32u.dll
0x00007fff3ef30000 - 0x00007fff3f1c3000 	C:\WINDOWS\WinSxS\amd64_microsoft.windows.common-controls_6595b64144ccf1df_6.0.22621.2506_none_270c5ae97388e100\COMCTL32.dll
0x00007fff40ff0000 - 0x00007fff41019000 	C:\WINDOWS\System32\GDI32.dll
0x00007fff40620000 - 0x00007fff40738000 	C:\WINDOWS\System32\gdi32full.dll
0x00007fff41880000 - 0x00007fff41927000 	C:\WINDOWS\System32\msvcrt.dll
0x00007fff3fed0000 - 0x00007fff3ff6a000 	C:\WINDOWS\System32\msvcp_win.dll
0x00007fff41a40000 - 0x00007fff41a71000 	C:\WINDOWS\System32\IMM32.DLL
0x00007fff37b70000 - 0x00007fff37b7c000 	C:\Program Files\Microsoft\jdk-17.0.8.7-hotspot\bin\vcruntime140_1.dll
0x00007fff36540000 - 0x00007fff365cd000 	C:\Program Files\Microsoft\jdk-17.0.8.7-hotspot\bin\msvcp140.dll
0x00007ffe9e9a0000 - 0x00007ffe9f605000 	C:\Program Files\Microsoft\jdk-17.0.8.7-hotspot\bin\server\jvm.dll
0x00007fff408d0000 - 0x00007fff40981000 	C:\WINDOWS\System32\ADVAPI32.dll
0x00007fff40820000 - 0x00007fff408c5000 	C:\WINDOWS\System32\sechost.dll
0x00007fff42790000 - 0x00007fff428a7000 	C:\WINDOWS\System32\RPCRT4.dll
0x00007fff3f690000 - 0x00007fff3f6dd000 	C:\WINDOWS\SYSTEM32\POWRPROF.dll
0x00007fff3cee0000 - 0x00007fff3cf14000 	C:\WINDOWS\SYSTEM32\WINMM.dll
0x00007fff332f0000 - 0x00007fff332fa000 	C:\WINDOWS\SYSTEM32\VERSION.dll
0x00007fff16d50000 - 0x00007fff16d59000 	C:\WINDOWS\SYSTEM32\WSOCK32.dll
0x00007fff40740000 - 0x00007fff407b1000 	C:\WINDOWS\System32\WS2_32.dll
0x00007fff3f340000 - 0x00007fff3f353000 	C:\WINDOWS\SYSTEM32\UMPDC.dll
0x00007fff3e520000 - 0x00007fff3e538000 	C:\WINDOWS\SYSTEM32\kernel.appcore.dll
0x00007fff37b60000 - 0x00007fff37b6a000 	C:\Program Files\Microsoft\jdk-17.0.8.7-hotspot\bin\jimage.dll
0x00007fff3f6e0000 - 0x00007fff3f913000 	C:\WINDOWS\SYSTEM32\DBGHELP.DLL
0x00007fff414f0000 - 0x00007fff41879000 	C:\WINDOWS\System32\combase.dll
0x00007fff409a0000 - 0x00007fff40a77000 	C:\WINDOWS\System32\OLEAUT32.dll
0x00007fff3f540000 - 0x00007fff3f572000 	C:\WINDOWS\SYSTEM32\dbgcore.DLL
0x00007fff40320000 - 0x00007fff4039a000 	C:\WINDOWS\System32\bcryptPrimitives.dll
0x00007fff37b30000 - 0x00007fff37b55000 	C:\Program Files\Microsoft\jdk-17.0.8.7-hotspot\bin\java.dll
0x00007fff36460000 - 0x00007fff36537000 	C:\Program Files\Microsoft\jdk-17.0.8.7-hotspot\bin\jsvml.dll
0x00007fff41a80000 - 0x00007fff422da000 	C:\WINDOWS\System32\SHELL32.dll
0x00007fff3d280000 - 0x00007fff3db76000 	C:\WINDOWS\SYSTEM32\windows.storage.dll
0x00007fff3d120000 - 0x00007fff3d25e000 	C:\WINDOWS\SYSTEM32\wintypes.dll
0x00007fff428b0000 - 0x00007fff429a3000 	C:\WINDOWS\System32\SHCORE.dll
0x00007fff419e0000 - 0x00007fff41a3e000 	C:\WINDOWS\System32\shlwapi.dll
0x00007fff3fc90000 - 0x00007fff3fcb6000 	C:\WINDOWS\SYSTEM32\profapi.dll
0x00007fff37b10000 - 0x00007fff37b29000 	C:\Program Files\Microsoft\jdk-17.0.8.7-hotspot\bin\net.dll
0x00007fff38d20000 - 0x00007fff38e57000 	C:\WINDOWS\SYSTEM32\WINHTTP.dll
0x00007fff3e9e0000 - 0x00007fff3ea49000 	C:\WINDOWS\system32\mswsock.dll
0x00007fff36440000 - 0x00007fff36456000 	C:\Program Files\Microsoft\jdk-17.0.8.7-hotspot\bin\nio.dll
0x00007fff36420000 - 0x00007fff36438000 	C:\Program Files\Microsoft\jdk-17.0.8.7-hotspot\bin\zip.dll
0x00007fff236f0000 - 0x00007fff23700000 	C:\Program Files\Microsoft\jdk-17.0.8.7-hotspot\bin\verify.dll
0x00007fff236c0000 - 0x00007fff236e7000 	C:\Users\raimu\.gradle\native\68d5fa5c4cc2d200863cafc0d521ce42e7d3e7ee720ec0a83991735586a16f82\windows-amd64\native-platform.dll
0x00007fff0eff0000 - 0x00007fff0f134000 	C:\Users\raimu\.gradle\native\e376f236ea51e6404a007f0833ffe2c6e607c4080706a723a18a27aeea778392\windows-amd64\native-platform-file-events.dll
0x00007fff37b00000 - 0x00007fff37b09000 	C:\Program Files\Microsoft\jdk-17.0.8.7-hotspot\bin\management.dll
0x00007fff363f0000 - 0x00007fff363fb000 	C:\Program Files\Microsoft\jdk-17.0.8.7-hotspot\bin\management_ext.dll
0x00007fff40990000 - 0x00007fff40998000 	C:\WINDOWS\System32\PSAPI.DLL
0x00007fff3fa00000 - 0x00007fff3fa1b000 	C:\WINDOWS\SYSTEM32\CRYPTSP.dll
0x00007fff3e630000 - 0x00007fff3e665000 	C:\WINDOWS\system32\rsaenh.dll
0x00007fff3edb0000 - 0x00007fff3eddc000 	C:\WINDOWS\SYSTEM32\USERENV.dll
0x00007fff3f650000 - 0x00007fff3f678000 	C:\WINDOWS\SYSTEM32\bcrypt.dll
0x00007fff3ede0000 - 0x00007fff3edec000 	C:\WINDOWS\SYSTEM32\CRYPTBASE.dll
0x00007fff3dfe0000 - 0x00007fff3e00d000 	C:\WINDOWS\SYSTEM32\IPHLPAPI.DLL
0x00007fff40c40000 - 0x00007fff40c49000 	C:\WINDOWS\System32\NSI.dll
0x00007fff38b90000 - 0x00007fff38ba9000 	C:\WINDOWS\SYSTEM32\dhcpcsvc6.DLL
0x00007fff388d0000 - 0x00007fff388ef000 	C:\WINDOWS\SYSTEM32\dhcpcsvc.DLL
0x00007fff3e050000 - 0x00007fff3e149000 	C:\WINDOWS\SYSTEM32\DNSAPI.dll
0x00007fff363e0000 - 0x00007fff363ee000 	C:\Program Files\Microsoft\jdk-17.0.8.7-hotspot\bin\sunmscapi.dll
0x00007fff3fd60000 - 0x00007fff3fec6000 	C:\WINDOWS\System32\CRYPT32.dll
0x00007fff3f210000 - 0x00007fff3f23d000 	C:\WINDOWS\SYSTEM32\ncrypt.dll
0x00007fff3f1d0000 - 0x00007fff3f207000 	C:\WINDOWS\SYSTEM32\NTASN1.dll
0x00007fff270b0000 - 0x00007fff270b8000 	C:\WINDOWS\system32\wshunix.dll

dbghelp: loaded successfully - version: 4.0.5 - missing functions: none
symbol engine: initialized successfully - sym options: 0x614 - pdb path: .;C:\Program Files\Microsoft\jdk-17.0.8.7-hotspot\bin;C:\WINDOWS\SYSTEM32;C:\WINDOWS\WinSxS\amd64_microsoft.windows.common-controls_6595b64144ccf1df_6.0.22621.2506_none_270c5ae97388e100;C:\Program Files\Microsoft\jdk-17.0.8.7-hotspot\bin\server;C:\Users\raimu\.gradle\native\68d5fa5c4cc2d200863cafc0d521ce42e7d3e7ee720ec0a83991735586a16f82\windows-amd64;C:\Users\raimu\.gradle\native\e376f236ea51e6404a007f0833ffe2c6e607c4080706a723a18a27aeea778392\windows-amd64

VM Arguments:
jvm_args: -XX:MaxMetaspaceSize=512m --add-opens=java.base/java.util=ALL-UNNAMED --add-opens=java.base/java.lang=ALL-UNNAMED --add-opens=java.base/java.lang.invoke=ALL-UNNAMED --add-opens=java.prefs/java.util.prefs=ALL-UNNAMED --add-opens=java.base/java.nio.charset=ALL-UNNAMED --add-opens=java.base/java.net=ALL-UNNAMED --add-opens=java.base/java.util.concurrent.atomic=ALL-UNNAMED -Xmx2048m -Dfile.encoding=windows-1252 -Duser.country=US -Duser.language=en -Duser.variant 
java_command: org.gradle.launcher.daemon.bootstrap.GradleDaemon 8.0.1
java_class_path (initial): C:\Users\raimu\.gradle\wrapper\dists\gradle-8.0.1-all\aro4hu1c3oeioove7l0i4i14o\gradle-8.0.1\lib\gradle-launcher-8.0.1.jar
Launcher Type: SUN_STANDARD

[Global flags]
     intx CICompilerCount                          = 4                                         {product} {ergonomic}
   size_t CompressedClassSpaceSize                 = 436207616                                 {product} {ergonomic}
     uint ConcGCThreads                            = 2                                         {product} {ergonomic}
     uint G1ConcRefinementThreads                  = 8                                         {product} {ergonomic}
   size_t G1HeapRegionSize                         = 1048576                                   {product} {ergonomic}
    uintx GCDrainStackTargetSize                   = 64                                        {product} {ergonomic}
   size_t InitialHeapSize                          = 264241152                                 {product} {ergonomic}
   size_t MarkStackSize                            = 4194304                                   {product} {ergonomic}
   size_t MaxHeapSize                              = 2147483648                                {product} {command line}
   size_t MaxMetaspaceSize                         = 536870912                                 {product} {command line}
   size_t MaxNewSize                               = 1287651328                                {product} {ergonomic}
   size_t MinHeapDeltaBytes                        = 1048576                                   {product} {ergonomic}
   size_t MinHeapSize                              = 8388608                                   {product} {ergonomic}
    uintx NonNMethodCodeHeapSize                   = 5839372                                {pd product} {ergonomic}
    uintx NonProfiledCodeHeapSize                  = 122909434                              {pd product} {ergonomic}
    uintx ProfiledCodeHeapSize                     = 122909434                              {pd product} {ergonomic}
    uintx ReservedCodeCacheSize                    = 251658240                              {pd product} {ergonomic}
     bool SegmentedCodeCache                       = true                                      {product} {ergonomic}
   size_t SoftMaxHeapSize                          = 2147483648                             {manageable} {ergonomic}
     bool UseCompressedClassPointers               = true                           {product lp64_product} {ergonomic}
     bool UseCompressedOops                        = true                           {product lp64_product} {ergonomic}
     bool UseG1GC                                  = true                                      {product} {ergonomic}
     bool UseLargePagesIndividualAllocation        = false                                  {pd product} {ergonomic}

Logging:
Log output configuration:
 #0: stdout all=warning uptime,level,tags
 #1: stderr all=off uptime,level,tags

Environment Variables:
JAVA_HOME=C:\Program Files\Microsoft\jdk-17.0.8.7-hotspot\
CLASSPATH=C:\podify\PodifyPlayer\app\android\\gradle\wrapper\gradle-wrapper.jar
PATH=C:\podify\PodifyPlayer\app\node_modules\.bin;C:\podify\PodifyPlayer\app\node_modules\.bin;C:\podify\PodifyPlayer\node_modules\.bin;C:\podify\node_modules\.bin;C:\node_modules\.bin;C:\Program Files\nodejs\node_modules\npm\node_modules\@npmcli\run-script\lib\node-gyp-bin;C:\podify\PodifyPlayer\app\node_modules\.bin;C:\podify\PodifyPlayer\node_modules\.bin;C:\podify\node_modules\.bin;C:\node_modules\.bin;C:\Program Files\nodejs\node_modules\npm\node_modules\@npmcli\run-script\lib\node-gyp-bin;C:\Program Files\Microsoft\jdk-17.0.8.7-hotspot\bin;C:\MinGW\bin;C:\WINDOWS\system32;C:\WINDOWS;C:\WINDOWS\System32\Wbem;C:\WINDOWS\System32\WindowsPowerShell\v1.0\;C:\WINDOWS\System32\OpenSSH\;C:\ProgramData\chocolatey\bin;C:\Program Files\nodejs\;C:\Users\raimu\AppData\Local\Android\Sdk\platform-tools;C:\Program Files\Git\cmd;C:\Program Files (x86)\Yarn\bin\;C:\Program Files\OpenJDK\jdk-21.0.1\bin;C:\Users\raimu\AppData\Local\Android\Sdk\tools;C:\Users\raimu\AppData\Local\Android\Sdk\tools;C:\Users\raimu\AppData\Local\Programs\Python\Launcher\;C:\Users\raimu\AppData\Local\Microsoft\WindowsApps;C:\Users\raimu\AppData\Roaming\npm;C:\Users\raimu\AppData\Local\Programs\Microsoft VS Code\bin;C:\Users\raimu\AppData\Local\GitHubDesktop\bin;C:\Users\raimu\AppData\Local\Yarn\bin
USERNAME=raimu
LANG=pt_BR.UTF-8
OS=Windows_NT
PROCESSOR_IDENTIFIER=Intel64 Family 6 Model 140 Stepping 1, GenuineIntel
TMP=C:\Users\raimu\AppData\Local\Temp
TEMP=C:\Users\raimu\AppData\Local\Temp



---------------  S Y S T E M  ---------------

OS:
 Windows 11 , 64 bit Build 22621 (10.0.22621.2506)
OS uptime: 0 days 4:02 hours

CPU: total 8 (initial active 8) (4 cores per cpu, 2 threads per core) family 6 model 140 stepping 1 microcode 0xb4, cx8, cmov, fxsr, ht, mmx, 3dnowpref, sse, sse2, sse3, ssse3, sse4.1, sse4.2, popcnt, lzcnt, tsc, tscinvbit, avx, avx2, aes, erms, clmul, bmi1, bmi2, adx, avx512f, avx512dq, avx512cd, avx512bw, avx512vl, sha, fma, vzeroupper, avx512_vpopcntdq, avx512_vpclmulqdq, avx512_vaes, avx512_vnni, clflush, clflushopt, clwb, avx512_vbmi2, avx512_vbmi
Processor Information for processor 0
  Max Mhz: 2803, Current Mhz: 2803, Mhz Limit: 2803
Processor Information for processor 1
  Max Mhz: 2803, Current Mhz: 1201, Mhz Limit: 2803
Processor Information for processor 2
  Max Mhz: 2803, Current Mhz: 2803, Mhz Limit: 2803
Processor Information for processor 3
  Max Mhz: 2803, Current Mhz: 2803, Mhz Limit: 2803
Processor Information for processor 4
  Max Mhz: 2803, Current Mhz: 1201, Mhz Limit: 2803
Processor Information for processor 5
  Max Mhz: 2803, Current Mhz: 2803, Mhz Limit: 2803
Processor Information for processor 6
  Max Mhz: 2803, Current Mhz: 1201, Mhz Limit: 2803
Processor Information for processor 7
  Max Mhz: 2803, Current Mhz: 1201, Mhz Limit: 2803

Memory: 4k page, system-wide physical 16126M (5152M free)
TotalPageFile size 19582M (AvailPageFile size 4580M)
current process WorkingSet (physical memory assigned to process): 295M, peak: 299M
current process commit charge ("private bytes"): 338M, peak: 458M

vm_info: OpenJDK 64-Bit Server VM (17.0.8+7-LTS) for windows-amd64 JRE (17.0.8+7-LTS), built on Jul  7 2023 17:21:55 by "MicrosoftCorporation" with MS VC++ 16.10 / 16.11 (VS2019)

END.
